{"meta": {"format": 3, "version": "7.9.1", "timestamp": "2025-07-27T19:21:57.173026", "branch_coverage": false, "show_contexts": false}, "files": {"app/api/base.py": {"executed_lines": [1, 3, 4, 6, 7, 8, 9, 10, 12, 13, 14, 15, 16, 17, 26, 29, 30, 31, 32, 33, 36, 37, 49, 79, 80, 81, 82, 83, 84, 85, 86, 89, 96, 98, 102, 108, 113, 116, 125, 128, 131, 142, 148, 159, 168, 179, 188, 197, 205, 212, 214, 263, 264, 271, 273, 280, 282, 306, 307, 316, 318, 371, 381, 391, 456, 514, 521, 525, 526, 527, 540, 565], "summary": {"covered_lines": 70, "num_statements": 172, "percent_covered": 40.69767441860465, "percent_covered_display": "40.70", "missing_lines": 102, "excluded_lines": 0}, "missing_lines": [145, 165, 185, 203, 217, 220, 230, 233, 235, 245, 254, 285, 288, 289, 290, 293, 295, 302, 308, 325, 327, 330, 333, 336, 337, 338, 339, 342, 345, 347, 354, 360, 361, 362, 369, 379, 389, 400, 402, 405, 408, 409, 410, 413, 414, 416, 419, 420, 421, 424, 427, 429, 437, 443, 444, 445, 454, 464, 466, 469, 472, 473, 474, 477, 478, 479, 481, 482, 484, 492, 499, 501, 502, 503, 512, 522, 530, 531, 542, 545, 546, 547, 548, 549, 550, 551, 552, 555, 556, 559, 560, 561, 563, 567, 569, 570, 571, 572, 573, 574, 575, 577], "excluded_lines": [], "functions": {"BaseCRUDRouter.__init__": {"executed_lines": [79, 80, 81, 82, 83, 84, 85, 86, 89, 96], "summary": {"covered_lines": 10, "num_statements": 10, "percent_covered": 100.0, "percent_covered_display": "100.00", "missing_lines": 0, "excluded_lines": 0}, "missing_lines": [], "excluded_lines": []}, "BaseCRUDRouter._register_endpoints": {"executed_lines": [102, 108, 116, 125, 131, 142, 148, 159, 168, 179, 188, 197], "summary": {"covered_lines": 12, "num_statements": 12, "percent_covered": 100.0, "percent_covered_display": "100.00", "missing_lines": 0, "excluded_lines": 0}, "missing_lines": [], "excluded_lines": []}, "BaseCRUDRouter._register_endpoints.list_items": {"executed_lines": [113], "summary": {"covered_lines": 1, "num_statements": 1, "percent_covered": 100.0, "percent_covered_display": "100.00", "missing_lines": 0, "excluded_lines": 0}, "missing_lines": [], "excluded_lines": []}, "BaseCRUDRouter._register_endpoints.get_item": {"executed_lines": [128], "summary": {"covered_lines": 1, "num_statements": 1, "percent_covered": 100.0, "percent_covered_display": "100.00", "missing_lines": 0, "excluded_lines": 0}, "missing_lines": [], "excluded_lines": []}, "BaseCRUDRouter._register_endpoints.create_item": {"executed_lines": [], "summary": {"covered_lines": 0, "num_statements": 1, "percent_covered": 0.0, "percent_covered_display": "0.00", "missing_lines": 1, "excluded_lines": 0}, "missing_lines": [145], "excluded_lines": []}, "BaseCRUDRouter._register_endpoints.update_item": {"executed_lines": [], "summary": {"covered_lines": 0, "num_statements": 1, "percent_covered": 0.0, "percent_covered_display": "0.00", "missing_lines": 1, "excluded_lines": 0}, "missing_lines": [165], "excluded_lines": []}, "BaseCRUDRouter._register_endpoints.patch_item": {"executed_lines": [], "summary": {"covered_lines": 0, "num_statements": 1, "percent_covered": 0.0, "percent_covered_display": "0.00", "missing_lines": 1, "excluded_lines": 0}, "missing_lines": [185], "excluded_lines": []}, "BaseCRUDRouter._register_endpoints.delete_item": {"executed_lines": [], "summary": {"covered_lines": 0, "num_statements": 1, "percent_covered": 0.0, "percent_covered_display": "0.00", "missing_lines": 1, "excluded_lines": 0}, "missing_lines": [203], "excluded_lines": []}, "BaseCRUDRouter._list_items": {"executed_lines": [212, 214, 263, 264, 271], "summary": {"covered_lines": 5, "num_statements": 12, "percent_covered": 41.666666666666664, "percent_covered_display": "41.67", "missing_lines": 7, "excluded_lines": 0}, "missing_lines": [217, 220, 230, 233, 235, 245, 254], "excluded_lines": []}, "BaseCRUDRouter._get_item": {"executed_lines": [280, 282, 306, 307, 316], "summary": {"covered_lines": 5, "num_statements": 13, "percent_covered": 38.46153846153846, "percent_covered_display": "38.46", "missing_lines": 8, "excluded_lines": 0}, "missing_lines": [285, 288, 289, 290, 293, 295, 302, 308], "excluded_lines": []}, "BaseCRUDRouter._create_item": {"executed_lines": [], "summary": {"covered_lines": 0, "num_statements": 16, "percent_covered": 0.0, "percent_covered_display": "0.00", "missing_lines": 16, "excluded_lines": 0}, "missing_lines": [325, 327, 330, 333, 336, 337, 338, 339, 342, 345, 347, 354, 360, 361, 362, 369], "excluded_lines": []}, "BaseCRUDRouter._update_item": {"executed_lines": [], "summary": {"covered_lines": 0, "num_statements": 1, "percent_covered": 0.0, "percent_covered_display": "0.00", "missing_lines": 1, "excluded_lines": 0}, "missing_lines": [379], "excluded_lines": []}, "BaseCRUDRouter._patch_item": {"executed_lines": [], "summary": {"covered_lines": 0, "num_statements": 1, "percent_covered": 0.0, "percent_covered_display": "0.00", "missing_lines": 1, "excluded_lines": 0}, "missing_lines": [389], "excluded_lines": []}, "BaseCRUDRouter._update_item_internal": {"executed_lines": [], "summary": {"covered_lines": 0, "num_statements": 20, "percent_covered": 0.0, "percent_covered_display": "0.00", "missing_lines": 20, "excluded_lines": 0}, "missing_lines": [400, 402, 405, 408, 409, 410, 413, 414, 416, 419, 420, 421, 424, 427, 429, 437, 443, 444, 445, 454], "excluded_lines": []}, "BaseCRUDRouter._delete_item": {"executed_lines": [], "summary": {"covered_lines": 0, "num_statements": 18, "percent_covered": 0.0, "percent_covered_display": "0.00", "missing_lines": 18, "excluded_lines": 0}, "missing_lines": [464, 466, 469, 472, 473, 474, 477, 478, 479, 481, 482, 484, 492, 499, 501, 502, 503, 512], "excluded_lines": []}, "BaseCRUDRouter._check_permissions": {"executed_lines": [521, 525, 526, 527], "summary": {"covered_lines": 4, "num_statements": 7, "percent_covered": 57.142857142857146, "percent_covered_display": "57.14", "missing_lines": 3, "excluded_lines": 0}, "missing_lines": [522, 530, 531], "excluded_lines": []}, "BaseCRUDRouter._build_filters": {"executed_lines": [], "summary": {"covered_lines": 0, "num_statements": 15, "percent_covered": 0.0, "percent_covered_display": "0.00", "missing_lines": 15, "excluded_lines": 0}, "missing_lines": [542, 545, 546, 547, 548, 549, 550, 551, 552, 555, 556, 559, 560, 561, 563], "excluded_lines": []}, "BaseCRUDRouter._get_applied_filters": {"executed_lines": [], "summary": {"covered_lines": 0, "num_statements": 9, "percent_covered": 0.0, "percent_covered_display": "0.00", "missing_lines": 9, "excluded_lines": 0}, "missing_lines": [567, 569, 570, 571, 572, 573, 574, 575, 577], "excluded_lines": []}, "": {"executed_lines": [1, 3, 4, 6, 7, 8, 9, 10, 12, 13, 14, 15, 16, 17, 26, 29, 30, 31, 32, 33, 36, 37, 49, 98, 205, 273, 318, 371, 381, 391, 456, 514, 540, 565], "summary": {"covered_lines": 32, "num_statements": 32, "percent_covered": 100.0, "percent_covered_display": "100.00", "missing_lines": 0, "excluded_lines": 0}, "missing_lines": [], "excluded_lines": []}}, "classes": {"BaseCRUDRouter": {"executed_lines": [79, 80, 81, 82, 83, 84, 85, 86, 89, 96, 102, 108, 113, 116, 125, 128, 131, 142, 148, 159, 168, 179, 188, 197, 212, 214, 263, 264, 271, 280, 282, 306, 307, 316, 521, 525, 526, 527], "summary": {"covered_lines": 38, "num_statements": 140, "percent_covered": 27.142857142857142, "percent_covered_display": "27.14", "missing_lines": 102, "excluded_lines": 0}, "missing_lines": [145, 165, 185, 203, 217, 220, 230, 233, 235, 245, 254, 285, 288, 289, 290, 293, 295, 302, 308, 325, 327, 330, 333, 336, 337, 338, 339, 342, 345, 347, 354, 360, 361, 362, 369, 379, 389, 400, 402, 405, 408, 409, 410, 413, 414, 416, 419, 420, 421, 424, 427, 429, 437, 443, 444, 445, 454, 464, 466, 469, 472, 473, 474, 477, 478, 479, 481, 482, 484, 492, 499, 501, 502, 503, 512, 522, 530, 531, 542, 545, 546, 547, 548, 549, 550, 551, 552, 555, 556, 559, 560, 561, 563, 567, 569, 570, 571, 572, 573, 574, 575, 577], "excluded_lines": []}, "": {"executed_lines": [1, 3, 4, 6, 7, 8, 9, 10, 12, 13, 14, 15, 16, 17, 26, 29, 30, 31, 32, 33, 36, 37, 49, 98, 205, 273, 318, 371, 381, 391, 456, 514, 540, 565], "summary": {"covered_lines": 32, "num_statements": 32, "percent_covered": 100.0, "percent_covered_display": "100.00", "missing_lines": 0, "excluded_lines": 0}, "missing_lines": [], "excluded_lines": []}}}, "app/api/endpoints/api_keys.py": {"executed_lines": [1, 3, 4, 5, 6, 8, 9, 10, 12, 13, 14, 15, 16, 17, 26, 28, 30, 33, 34, 36, 38, 52, 54, 73, 80, 86, 94, 117, 121, 137, 143, 145, 146, 147, 148, 149, 150, 151, 153, 156, 167, 239, 242, 248, 268, 271, 277, 323, 326, 332, 349, 352, 358, 365, 368, 374, 407, 410, 417, 450, 451], "summary": {"covered_lines": 59, "num_statements": 153, "percent_covered": 38.56209150326797, "percent_covered_display": "38.56", "missing_lines": 94, "excluded_lines": 0}, "missing_lines": [62, 63, 66, 69, 71, 75, 76, 77, 78, 82, 83, 84, 88, 89, 91, 92, 96, 119, 125, 131, 139, 140, 141, 171, 172, 175, 178, 181, 184, 197, 198, 201, 217, 225, 227, 228, 229, 230, 237, 254, 256, 257, 260, 261, 264, 266, 281, 282, 285, 288, 289, 290, 293, 296, 298, 299, 301, 303, 310, 312, 313, 314, 315, 321, 336, 339, 340, 341, 344, 345, 347, 362, 363, 379, 381, 382, 385, 388, 397, 399, 400, 405, 424, 425, 428, 429, 430, 433, 434, 436, 438, 439, 440, 446], "excluded_lines": [], "functions": {"APIKeyCRUDRouter.__init__": {"executed_lines": [38, 52], "summary": {"covered_lines": 2, "num_statements": 2, "percent_covered": 100.0, "percent_covered_display": "100.00", "missing_lines": 0, "excluded_lines": 0}, "missing_lines": [], "excluded_lines": []}, "APIKeyCRUDRouter._generate_api_key": {"executed_lines": [], "summary": {"covered_lines": 0, "num_statements": 5, "percent_covered": 0.0, "percent_covered_display": "0.00", "missing_lines": 5, "excluded_lines": 0}, "missing_lines": [62, 63, 66, 69, 71], "excluded_lines": []}, "APIKeyCRUDRouter._get_current_user_id": {"executed_lines": [], "summary": {"covered_lines": 0, "num_statements": 4, "percent_covered": 0.0, "percent_covered_display": "0.00", "missing_lines": 4, "excluded_lines": 0}, "missing_lines": [75, 76, 77, 78], "excluded_lines": []}, "APIKeyCRUDRouter._check_admin_permission": {"executed_lines": [], "summary": {"covered_lines": 0, "num_statements": 3, "percent_covered": 0.0, "percent_covered_display": "0.00", "missing_lines": 3, "excluded_lines": 0}, "missing_lines": [82, 83, 84], "excluded_lines": []}, "APIKeyCRUDRouter._check_key_ownership": {"executed_lines": [], "summary": {"covered_lines": 0, "num_statements": 4, "percent_covered": 0.0, "percent_covered_display": "0.00", "missing_lines": 4, "excluded_lines": 0}, "missing_lines": [88, 89, 91, 92], "excluded_lines": []}, "APIKeyCRUDRouter._build_api_key_response": {"executed_lines": [], "summary": {"covered_lines": 0, "num_statements": 1, "percent_covered": 0.0, "percent_covered_display": "0.00", "missing_lines": 1, "excluded_lines": 0}, "missing_lines": [96], "excluded_lines": []}, "APIKeyCRUDRouter._build_base_response": {"executed_lines": [], "summary": {"covered_lines": 0, "num_statements": 1, "percent_covered": 0.0, "percent_covered_display": "0.00", "missing_lines": 1, "excluded_lines": 0}, "missing_lines": [119], "excluded_lines": []}, "APIKeyCRUDRouter._build_operation_result": {"executed_lines": [], "summary": {"covered_lines": 0, "num_statements": 2, "percent_covered": 0.0, "percent_covered_display": "0.00", "missing_lines": 2, "excluded_lines": 0}, "missing_lines": [125, 131], "excluded_lines": []}, "APIKeyCRUDRouter._validate_key_name_availability": {"executed_lines": [], "summary": {"covered_lines": 0, "num_statements": 3, "percent_covered": 0.0, "percent_covered_display": "0.00", "missing_lines": 3, "excluded_lines": 0}, "missing_lines": [139, 140, 141], "excluded_lines": []}, "APIKeyCRUDRouter._add_custom_endpoints": {"executed_lines": [145, 146, 147, 148, 149, 150, 151], "summary": {"covered_lines": 7, "num_statements": 7, "percent_covered": 100.0, "percent_covered_display": "100.00", "missing_lines": 0, "excluded_lines": 0}, "missing_lines": [], "excluded_lines": []}, "APIKeyCRUDRouter._register_create_endpoint": {"executed_lines": [156, 167], "summary": {"covered_lines": 2, "num_statements": 2, "percent_covered": 100.0, "percent_covered_display": "100.00", "missing_lines": 0, "excluded_lines": 0}, "missing_lines": [], "excluded_lines": []}, "APIKeyCRUDRouter._register_create_endpoint.create_api_key_endpoint": {"executed_lines": [], "summary": {"covered_lines": 0, "num_statements": 16, "percent_covered": 0.0, "percent_covered_display": "0.00", "missing_lines": 16, "excluded_lines": 0}, "missing_lines": [171, 172, 175, 178, 181, 184, 197, 198, 201, 217, 225, 227, 228, 229, 230, 237], "excluded_lines": []}, "APIKeyCRUDRouter._register_my_keys_endpoint": {"executed_lines": [242, 248], "summary": {"covered_lines": 2, "num_statements": 2, "percent_covered": 100.0, "percent_covered_display": "100.00", "missing_lines": 0, "excluded_lines": 0}, "missing_lines": [], "excluded_lines": []}, "APIKeyCRUDRouter._register_my_keys_endpoint.get_my_api_keys": {"executed_lines": [], "summary": {"covered_lines": 0, "num_statements": 7, "percent_covered": 0.0, "percent_covered_display": "0.00", "missing_lines": 7, "excluded_lines": 0}, "missing_lines": [254, 256, 257, 260, 261, 264, 266], "excluded_lines": []}, "APIKeyCRUDRouter._register_revoke_endpoint": {"executed_lines": [271, 277], "summary": {"covered_lines": 2, "num_statements": 2, "percent_covered": 100.0, "percent_covered_display": "100.00", "missing_lines": 0, "excluded_lines": 0}, "missing_lines": [], "excluded_lines": []}, "APIKeyCRUDRouter._register_revoke_endpoint.revoke_api_key": {"executed_lines": [], "summary": {"covered_lines": 0, "num_statements": 18, "percent_covered": 0.0, "percent_covered_display": "0.00", "missing_lines": 18, "excluded_lines": 0}, "missing_lines": [281, 282, 285, 288, 289, 290, 293, 296, 298, 299, 301, 303, 310, 312, 313, 314, 315, 321], "excluded_lines": []}, "APIKeyCRUDRouter._register_validate_endpoint": {"executed_lines": [326, 332], "summary": {"covered_lines": 2, "num_statements": 2, "percent_covered": 100.0, "percent_covered_display": "100.00", "missing_lines": 0, "excluded_lines": 0}, "missing_lines": [], "excluded_lines": []}, "APIKeyCRUDRouter._register_validate_endpoint.validate_api_key": {"executed_lines": [], "summary": {"covered_lines": 0, "num_statements": 7, "percent_covered": 0.0, "percent_covered_display": "0.00", "missing_lines": 7, "excluded_lines": 0}, "missing_lines": [336, 339, 340, 341, 344, 345, 347], "excluded_lines": []}, "APIKeyCRUDRouter._register_permission_templates_endpoint": {"executed_lines": [352, 358], "summary": {"covered_lines": 2, "num_statements": 2, "percent_covered": 100.0, "percent_covered_display": "100.00", "missing_lines": 0, "excluded_lines": 0}, "missing_lines": [], "excluded_lines": []}, "APIKeyCRUDRouter._register_permission_templates_endpoint.get_permission_templates": {"executed_lines": [], "summary": {"covered_lines": 0, "num_statements": 2, "percent_covered": 0.0, "percent_covered_display": "0.00", "missing_lines": 2, "excluded_lines": 0}, "missing_lines": [362, 363], "excluded_lines": []}, "APIKeyCRUDRouter._register_usage_stats_endpoint": {"executed_lines": [368, 374], "summary": {"covered_lines": 2, "num_statements": 2, "percent_covered": 100.0, "percent_covered_display": "100.00", "missing_lines": 0, "excluded_lines": 0}, "missing_lines": [], "excluded_lines": []}, "APIKeyCRUDRouter._register_usage_stats_endpoint.get_usage_stats": {"executed_lines": [], "summary": {"covered_lines": 0, "num_statements": 9, "percent_covered": 0.0, "percent_covered_display": "0.00", "missing_lines": 9, "excluded_lines": 0}, "missing_lines": [379, 381, 382, 385, 388, 397, 399, 400, 405], "excluded_lines": []}, "APIKeyCRUDRouter._register_record_usage_endpoint": {"executed_lines": [410, 417], "summary": {"covered_lines": 2, "num_statements": 2, "percent_covered": 100.0, "percent_covered_display": "100.00", "missing_lines": 0, "excluded_lines": 0}, "missing_lines": [], "excluded_lines": []}, "APIKeyCRUDRouter._register_record_usage_endpoint.record_api_key_usage": {"executed_lines": [], "summary": {"covered_lines": 0, "num_statements": 12, "percent_covered": 0.0, "percent_covered_display": "0.00", "missing_lines": 12, "excluded_lines": 0}, "missing_lines": [424, 425, 428, 429, 430, 433, 434, 436, 438, 439, 440, 446], "excluded_lines": []}, "": {"executed_lines": [1, 3, 4, 5, 6, 8, 9, 10, 12, 13, 14, 15, 16, 17, 26, 28, 30, 33, 34, 36, 54, 73, 80, 86, 94, 117, 121, 137, 143, 153, 239, 268, 323, 349, 365, 407, 450, 451], "summary": {"covered_lines": 36, "num_statements": 36, "percent_covered": 100.0, "percent_covered_display": "100.00", "missing_lines": 0, "excluded_lines": 0}, "missing_lines": [], "excluded_lines": []}}, "classes": {"APIKeyCRUDRouter": {"executed_lines": [38, 52, 145, 146, 147, 148, 149, 150, 151, 156, 167, 242, 248, 271, 277, 326, 332, 352, 358, 368, 374, 410, 417], "summary": {"covered_lines": 23, "num_statements": 117, "percent_covered": 19.65811965811966, "percent_covered_display": "19.66", "missing_lines": 94, "excluded_lines": 0}, "missing_lines": [62, 63, 66, 69, 71, 75, 76, 77, 78, 82, 83, 84, 88, 89, 91, 92, 96, 119, 125, 131, 139, 140, 141, 171, 172, 175, 178, 181, 184, 197, 198, 201, 217, 225, 227, 228, 229, 230, 237, 254, 256, 257, 260, 261, 264, 266, 281, 282, 285, 288, 289, 290, 293, 296, 298, 299, 301, 303, 310, 312, 313, 314, 315, 321, 336, 339, 340, 341, 344, 345, 347, 362, 363, 379, 381, 382, 385, 388, 397, 399, 400, 405, 424, 425, 428, 429, 430, 433, 434, 436, 438, 439, 440, 446], "excluded_lines": []}, "": {"executed_lines": [1, 3, 4, 5, 6, 8, 9, 10, 12, 13, 14, 15, 16, 17, 26, 28, 30, 33, 34, 36, 54, 73, 80, 86, 94, 117, 121, 137, 143, 153, 239, 268, 323, 349, 365, 407, 450, 451], "summary": {"covered_lines": 36, "num_statements": 36, "percent_covered": 100.0, "percent_covered_display": "100.00", "missing_lines": 0, "excluded_lines": 0}, "missing_lines": [], "excluded_lines": []}}}, "app/api/endpoints/audit_logs.py": {"executed_lines": [1, 3, 4, 5, 7, 8, 9, 11, 12, 13, 14, 15, 22, 24, 27, 28, 30, 32, 38, 40, 42, 43, 44, 46, 48, 49, 50, 52, 53, 55, 78, 91, 102, 107, 122, 137, 146, 151, 158, 172, 185, 187, 188, 189, 190, 191, 192, 193, 194, 196, 199, 205, 217, 260, 263, 269, 273, 298, 301, 307, 317, 359, 362, 368, 378, 421, 424, 430, 498, 501, 507, 532, 535, 541, 548, 575, 578, 584, 654, 655], "summary": {"covered_lines": 78, "num_statements": 222, "percent_covered": 35.13513513513514, "percent_covered_display": "35.14", "missing_lines": 144, "excluded_lines": 0}, "missing_lines": [57, 80, 81, 93, 94, 95, 96, 97, 99, 100, 104, 105, 109, 110, 111, 112, 113, 114, 115, 116, 118, 119, 120, 124, 125, 126, 127, 128, 129, 130, 131, 133, 134, 135, 141, 142, 143, 144, 148, 149, 153, 154, 155, 156, 160, 174, 219, 220, 223, 232, 241, 243, 252, 253, 258, 275, 276, 277, 279, 280, 282, 284, 288, 289, 290, 296, 319, 320, 323, 330, 339, 341, 350, 351, 357, 380, 381, 384, 391, 400, 402, 411, 412, 419, 442, 444, 445, 448, 456, 457, 460, 461, 466, 467, 469, 478, 480, 489, 490, 496, 511, 513, 514, 515, 518, 520, 524, 525, 530, 550, 551, 552, 554, 555, 558, 560, 564, 565, 566, 573, 590, 592, 593, 596, 602, 603, 604, 605, 606, 607, 610, 616, 617, 618, 619, 621, 622, 623, 625, 633, 637, 643, 644, 650], "excluded_lines": [], "functions": {"AuditLogRouter.__init__": {"executed_lines": [32, 38], "summary": {"covered_lines": 2, "num_statements": 2, "percent_covered": 100.0, "percent_covered_display": "100.00", "missing_lines": 0, "excluded_lines": 0}, "missing_lines": [], "excluded_lines": []}, "AuditLogRouter._check_admin_permission": {"executed_lines": [42, 43, 44], "summary": {"covered_lines": 3, "num_statements": 3, "percent_covered": 100.0, "percent_covered_display": "100.00", "missing_lines": 0, "excluded_lines": 0}, "missing_lines": [], "excluded_lines": []}, "AuditLogRouter._check_user_access_permission": {"executed_lines": [48, 49, 50, 52, 53], "summary": {"covered_lines": 5, "num_statements": 5, "percent_covered": 100.0, "percent_covered_display": "100.00", "missing_lines": 0, "excluded_lines": 0}, "missing_lines": [], "excluded_lines": []}, "AuditLogRouter._build_audit_log_response": {"executed_lines": [], "summary": {"covered_lines": 0, "num_statements": 1, "percent_covered": 0.0, "percent_covered_display": "0.00", "missing_lines": 1, "excluded_lines": 0}, "missing_lines": [57], "excluded_lines": []}, "AuditLogRouter._build_pagination_info": {"executed_lines": [], "summary": {"covered_lines": 0, "num_statements": 2, "percent_covered": 0.0, "percent_covered_display": "0.00", "missing_lines": 2, "excluded_lines": 0}, "missing_lines": [80, 81], "excluded_lines": []}, "AuditLogRouter._build_filters_from_params": {"executed_lines": [], "summary": {"covered_lines": 0, "num_statements": 7, "percent_covered": 0.0, "percent_covered_display": "0.00", "missing_lines": 7, "excluded_lines": 0}, "missing_lines": [93, 94, 95, 96, 97, 99, 100], "excluded_lines": []}, "AuditLogRouter._safe_get_int": {"executed_lines": [], "summary": {"covered_lines": 0, "num_statements": 2, "percent_covered": 0.0, "percent_covered_display": "0.00", "missing_lines": 2, "excluded_lines": 0}, "missing_lines": [104, 105], "excluded_lines": []}, "AuditLogRouter._safe_get_float": {"executed_lines": [], "summary": {"covered_lines": 0, "num_statements": 11, "percent_covered": 0.0, "percent_covered_display": "0.00", "missing_lines": 11, "excluded_lines": 0}, "missing_lines": [109, 110, 111, 112, 113, 114, 115, 116, 118, 119, 120], "excluded_lines": []}, "AuditLogRouter._safe_get_optional_float": {"executed_lines": [], "summary": {"covered_lines": 0, "num_statements": 11, "percent_covered": 0.0, "percent_covered_display": "0.00", "missing_lines": 11, "excluded_lines": 0}, "missing_lines": [124, 125, 126, 127, 128, 129, 130, 131, 133, 134, 135], "excluded_lines": []}, "AuditLogRouter._safe_get_dict": {"executed_lines": [], "summary": {"covered_lines": 0, "num_statements": 4, "percent_covered": 0.0, "percent_covered_display": "0.00", "missing_lines": 4, "excluded_lines": 0}, "missing_lines": [141, 142, 143, 144], "excluded_lines": []}, "AuditLogRouter._safe_get_str": {"executed_lines": [], "summary": {"covered_lines": 0, "num_statements": 2, "percent_covered": 0.0, "percent_covered_display": "0.00", "missing_lines": 2, "excluded_lines": 0}, "missing_lines": [148, 149], "excluded_lines": []}, "AuditLogRouter._safe_get_datetime": {"executed_lines": [], "summary": {"covered_lines": 0, "num_statements": 4, "percent_covered": 0.0, "percent_covered_display": "0.00", "missing_lines": 4, "excluded_lines": 0}, "missing_lines": [153, 154, 155, 156], "excluded_lines": []}, "AuditLogRouter._build_audit_statistics": {"executed_lines": [], "summary": {"covered_lines": 0, "num_statements": 1, "percent_covered": 0.0, "percent_covered_display": "0.00", "missing_lines": 1, "excluded_lines": 0}, "missing_lines": [160], "excluded_lines": []}, "AuditLogRouter._build_audit_summary": {"executed_lines": [], "summary": {"covered_lines": 0, "num_statements": 1, "percent_covered": 0.0, "percent_covered_display": "0.00", "missing_lines": 1, "excluded_lines": 0}, "missing_lines": [174], "excluded_lines": []}, "AuditLogRouter._add_endpoints": {"executed_lines": [187, 188, 189, 190, 191, 192, 193, 194], "summary": {"covered_lines": 8, "num_statements": 8, "percent_covered": 100.0, "percent_covered_display": "100.00", "missing_lines": 0, "excluded_lines": 0}, "missing_lines": [], "excluded_lines": []}, "AuditLogRouter._register_list_endpoint": {"executed_lines": [199, 205], "summary": {"covered_lines": 2, "num_statements": 2, "percent_covered": 100.0, "percent_covered_display": "100.00", "missing_lines": 0, "excluded_lines": 0}, "missing_lines": [], "excluded_lines": []}, "AuditLogRouter._register_list_endpoint.list_audit_logs": {"executed_lines": [217], "summary": {"covered_lines": 1, "num_statements": 10, "percent_covered": 10.0, "percent_covered_display": "10.00", "missing_lines": 9, "excluded_lines": 0}, "missing_lines": [219, 220, 223, 232, 241, 243, 252, 253, 258], "excluded_lines": []}, "AuditLogRouter._register_get_endpoint": {"executed_lines": [263, 269], "summary": {"covered_lines": 2, "num_statements": 2, "percent_covered": 100.0, "percent_covered_display": "100.00", "missing_lines": 0, "excluded_lines": 0}, "missing_lines": [], "excluded_lines": []}, "AuditLogRouter._register_get_endpoint.get_audit_log": {"executed_lines": [273], "summary": {"covered_lines": 1, "num_statements": 12, "percent_covered": 8.333333333333334, "percent_covered_display": "8.33", "missing_lines": 11, "excluded_lines": 0}, "missing_lines": [275, 276, 277, 279, 280, 282, 284, 288, 289, 290, 296], "excluded_lines": []}, "AuditLogRouter._register_user_endpoint": {"executed_lines": [301, 307], "summary": {"covered_lines": 2, "num_statements": 2, "percent_covered": 100.0, "percent_covered_display": "100.00", "missing_lines": 0, "excluded_lines": 0}, "missing_lines": [], "excluded_lines": []}, "AuditLogRouter._register_user_endpoint.get_user_audit_logs": {"executed_lines": [317], "summary": {"covered_lines": 1, "num_statements": 10, "percent_covered": 10.0, "percent_covered_display": "10.00", "missing_lines": 9, "excluded_lines": 0}, "missing_lines": [319, 320, 323, 330, 339, 341, 350, 351, 357], "excluded_lines": []}, "AuditLogRouter._register_resource_endpoint": {"executed_lines": [362, 368], "summary": {"covered_lines": 2, "num_statements": 2, "percent_covered": 100.0, "percent_covered_display": "100.00", "missing_lines": 0, "excluded_lines": 0}, "missing_lines": [], "excluded_lines": []}, "AuditLogRouter._register_resource_endpoint.get_resource_audit_logs": {"executed_lines": [378], "summary": {"covered_lines": 1, "num_statements": 10, "percent_covered": 10.0, "percent_covered_display": "10.00", "missing_lines": 9, "excluded_lines": 0}, "missing_lines": [380, 381, 384, 391, 400, 402, 411, 412, 419], "excluded_lines": []}, "AuditLogRouter._register_search_endpoint": {"executed_lines": [424, 430], "summary": {"covered_lines": 2, "num_statements": 2, "percent_covered": 100.0, "percent_covered_display": "100.00", "missing_lines": 0, "excluded_lines": 0}, "missing_lines": [], "excluded_lines": []}, "AuditLogRouter._register_search_endpoint.search_audit_logs": {"executed_lines": [], "summary": {"covered_lines": 0, "num_statements": 16, "percent_covered": 0.0, "percent_covered_display": "0.00", "missing_lines": 16, "excluded_lines": 0}, "missing_lines": [442, 444, 445, 448, 456, 457, 460, 461, 466, 467, 469, 478, 480, 489, 490, 496], "excluded_lines": []}, "AuditLogRouter._register_statistics_endpoint": {"executed_lines": [501, 507], "summary": {"covered_lines": 2, "num_statements": 2, "percent_covered": 100.0, "percent_covered_display": "100.00", "missing_lines": 0, "excluded_lines": 0}, "missing_lines": [], "excluded_lines": []}, "AuditLogRouter._register_statistics_endpoint.get_audit_log_statistics": {"executed_lines": [], "summary": {"covered_lines": 0, "num_statements": 9, "percent_covered": 0.0, "percent_covered_display": "0.00", "missing_lines": 9, "excluded_lines": 0}, "missing_lines": [511, 513, 514, 515, 518, 520, 524, 525, 530], "excluded_lines": []}, "AuditLogRouter._register_summary_endpoint": {"executed_lines": [535, 541], "summary": {"covered_lines": 2, "num_statements": 2, "percent_covered": 100.0, "percent_covered_display": "100.00", "missing_lines": 0, "excluded_lines": 0}, "missing_lines": [], "excluded_lines": []}, "AuditLogRouter._register_summary_endpoint.get_resource_audit_summary": {"executed_lines": [548], "summary": {"covered_lines": 1, "num_statements": 12, "percent_covered": 8.333333333333334, "percent_covered_display": "8.33", "missing_lines": 11, "excluded_lines": 0}, "missing_lines": [550, 551, 552, 554, 555, 558, 560, 564, 565, 566, 573], "excluded_lines": []}, "AuditLogRouter._register_export_endpoint": {"executed_lines": [578, 584], "summary": {"covered_lines": 2, "num_statements": 2, "percent_covered": 100.0, "percent_covered_display": "100.00", "missing_lines": 0, "excluded_lines": 0}, "missing_lines": [], "excluded_lines": []}, "AuditLogRouter._register_export_endpoint.export_audit_logs": {"executed_lines": [], "summary": {"covered_lines": 0, "num_statements": 24, "percent_covered": 0.0, "percent_covered_display": "0.00", "missing_lines": 24, "excluded_lines": 0}, "missing_lines": [590, 592, 593, 596, 602, 603, 604, 605, 606, 607, 610, 616, 617, 618, 619, 621, 622, 623, 625, 633, 637, 643, 644, 650], "excluded_lines": []}, "": {"executed_lines": [1, 3, 4, 5, 7, 8, 9, 11, 12, 13, 14, 15, 22, 24, 27, 28, 30, 40, 46, 55, 78, 91, 102, 107, 122, 137, 146, 151, 158, 172, 185, 196, 260, 298, 359, 421, 498, 532, 575, 654, 655], "summary": {"covered_lines": 39, "num_statements": 39, "percent_covered": 100.0, "percent_covered_display": "100.00", "missing_lines": 0, "excluded_lines": 0}, "missing_lines": [], "excluded_lines": []}}, "classes": {"AuditLogRouter": {"executed_lines": [32, 38, 42, 43, 44, 48, 49, 50, 52, 53, 187, 188, 189, 190, 191, 192, 193, 194, 199, 205, 217, 263, 269, 273, 301, 307, 317, 362, 368, 378, 424, 430, 501, 507, 535, 541, 548, 578, 584], "summary": {"covered_lines": 39, "num_statements": 183, "percent_covered": 21.311475409836067, "percent_covered_display": "21.31", "missing_lines": 144, "excluded_lines": 0}, "missing_lines": [57, 80, 81, 93, 94, 95, 96, 97, 99, 100, 104, 105, 109, 110, 111, 112, 113, 114, 115, 116, 118, 119, 120, 124, 125, 126, 127, 128, 129, 130, 131, 133, 134, 135, 141, 142, 143, 144, 148, 149, 153, 154, 155, 156, 160, 174, 219, 220, 223, 232, 241, 243, 252, 253, 258, 275, 276, 277, 279, 280, 282, 284, 288, 289, 290, 296, 319, 320, 323, 330, 339, 341, 350, 351, 357, 380, 381, 384, 391, 400, 402, 411, 412, 419, 442, 444, 445, 448, 456, 457, 460, 461, 466, 467, 469, 478, 480, 489, 490, 496, 511, 513, 514, 515, 518, 520, 524, 525, 530, 550, 551, 552, 554, 555, 558, 560, 564, 565, 566, 573, 590, 592, 593, 596, 602, 603, 604, 605, 606, 607, 610, 616, 617, 618, 619, 621, 622, 623, 625, 633, 637, 643, 644, 650], "excluded_lines": []}, "": {"executed_lines": [1, 3, 4, 5, 7, 8, 9, 11, 12, 13, 14, 15, 22, 24, 27, 28, 30, 40, 46, 55, 78, 91, 102, 107, 122, 137, 146, 151, 158, 172, 185, 196, 260, 298, 359, 421, 498, 532, 575, 654, 655], "summary": {"covered_lines": 39, "num_statements": 39, "percent_covered": 100.0, "percent_covered_display": "100.00", "missing_lines": 0, "excluded_lines": 0}, "missing_lines": [], "excluded_lines": []}}}, "app/api/endpoints/auth.py": {"executed_lines": [1, 3, 5, 6, 7, 9, 11, 12, 15, 16, 18, 19, 22, 23, 25, 26, 27, 30, 31, 33, 34, 35, 38, 39, 63, 64], "summary": {"covered_lines": 22, "num_statements": 30, "percent_covered": 73.33333333333333, "percent_covered_display": "73.33", "missing_lines": 8, "excluded_lines": 0}, "missing_lines": [45, 46, 47, 49, 51, 56, 69, 71], "excluded_lines": [], "functions": {"login": {"executed_lines": [], "summary": {"covered_lines": 0, "num_statements": 6, "percent_covered": 0.0, "percent_covered_display": "0.00", "missing_lines": 6, "excluded_lines": 0}, "missing_lines": [45, 46, 47, 49, 51, 56], "excluded_lines": []}, "register": {"executed_lines": [], "summary": {"covered_lines": 0, "num_statements": 2, "percent_covered": 0.0, "percent_covered_display": "0.00", "missing_lines": 2, "excluded_lines": 0}, "missing_lines": [69, 71], "excluded_lines": []}, "": {"executed_lines": [1, 3, 5, 6, 7, 9, 11, 12, 15, 16, 18, 19, 22, 23, 25, 26, 27, 30, 31, 33, 34, 35, 38, 39, 63, 64], "summary": {"covered_lines": 22, "num_statements": 22, "percent_covered": 100.0, "percent_covered_display": "100.00", "missing_lines": 0, "excluded_lines": 0}, "missing_lines": [], "excluded_lines": []}}, "classes": {"LoginRequest": {"executed_lines": [], "summary": {"covered_lines": 0, "num_statements": 0, "percent_covered": 100.0, "percent_covered_display": "100.00", "missing_lines": 0, "excluded_lines": 0}, "missing_lines": [], "excluded_lines": []}, "LoginResponse": {"executed_lines": [], "summary": {"covered_lines": 0, "num_statements": 0, "percent_covered": 100.0, "percent_covered_display": "100.00", "missing_lines": 0, "excluded_lines": 0}, "missing_lines": [], "excluded_lines": []}, "UserCreate": {"executed_lines": [], "summary": {"covered_lines": 0, "num_statements": 0, "percent_covered": 100.0, "percent_covered_display": "100.00", "missing_lines": 0, "excluded_lines": 0}, "missing_lines": [], "excluded_lines": []}, "": {"executed_lines": [1, 3, 5, 6, 7, 9, 11, 12, 15, 16, 18, 19, 22, 23, 25, 26, 27, 30, 31, 33, 34, 35, 38, 39, 63, 64], "summary": {"covered_lines": 22, "num_statements": 30, "percent_covered": 73.33333333333333, "percent_covered_display": "73.33", "missing_lines": 8, "excluded_lines": 0}, "missing_lines": [45, 46, 47, 49, 51, 56, 69, 71], "excluded_lines": []}}}, "app/api/endpoints/health.py": {"executed_lines": [1, 3, 4, 5, 6, 8, 9, 10, 12, 13, 14, 15, 17, 18, 21, 22, 23, 25, 34, 35, 36, 42, 45, 48, 49, 52, 59, 61, 62, 63, 65, 79, 80, 85, 96, 98, 100, 101, 103, 105, 106, 111, 113, 114, 115, 116, 119, 121, 123, 124, 126, 128, 129, 134, 136, 137, 138, 139], "summary": {"covered_lines": 57, "num_statements": 57, "percent_covered": 100.0, "percent_covered_display": "100.00", "missing_lines": 0, "excluded_lines": 0}, "missing_lines": [], "excluded_lines": [], "functions": {"health_check": {"executed_lines": [25], "summary": {"covered_lines": 1, "num_statements": 1, "percent_covered": 100.0, "percent_covered_display": "100.00", "missing_lines": 0, "excluded_lines": 0}, "missing_lines": [], "excluded_lines": []}, "readiness_check": {"executed_lines": [42, 45, 48, 49, 52, 59, 61, 62, 63, 65], "summary": {"covered_lines": 10, "num_statements": 10, "percent_covered": 100.0, "percent_covered_display": "100.00", "missing_lines": 0, "excluded_lines": 0}, "missing_lines": [], "excluded_lines": []}, "liveness_check": {"executed_lines": [85], "summary": {"covered_lines": 1, "num_statements": 1, "percent_covered": 100.0, "percent_covered_display": "100.00", "missing_lines": 0, "excluded_lines": 0}, "missing_lines": [], "excluded_lines": []}, "check_disk_space": {"executed_lines": [98, 100, 101, 103, 105, 106, 111, 113, 114, 115, 116], "summary": {"covered_lines": 11, "num_statements": 11, "percent_covered": 100.0, "percent_covered_display": "100.00", "missing_lines": 0, "excluded_lines": 0}, "missing_lines": [], "excluded_lines": []}, "check_memory": {"executed_lines": [121, 123, 124, 126, 128, 129, 134, 136, 137, 138, 139], "summary": {"covered_lines": 11, "num_statements": 11, "percent_covered": 100.0, "percent_covered_display": "100.00", "missing_lines": 0, "excluded_lines": 0}, "missing_lines": [], "excluded_lines": []}, "": {"executed_lines": [1, 3, 4, 5, 6, 8, 9, 10, 12, 13, 14, 15, 17, 18, 21, 22, 23, 34, 35, 36, 79, 80, 96, 119], "summary": {"covered_lines": 23, "num_statements": 23, "percent_covered": 100.0, "percent_covered_display": "100.00", "missing_lines": 0, "excluded_lines": 0}, "missing_lines": [], "excluded_lines": []}}, "classes": {"": {"executed_lines": [1, 3, 4, 5, 6, 8, 9, 10, 12, 13, 14, 15, 17, 18, 21, 22, 23, 25, 34, 35, 36, 42, 45, 48, 49, 52, 59, 61, 62, 63, 65, 79, 80, 85, 96, 98, 100, 101, 103, 105, 106, 111, 113, 114, 115, 116, 119, 121, 123, 124, 126, 128, 129, 134, 136, 137, 138, 139], "summary": {"covered_lines": 57, "num_statements": 57, "percent_covered": 100.0, "percent_covered_display": "100.00", "missing_lines": 0, "excluded_lines": 0}, "missing_lines": [], "excluded_lines": []}}}, "app/api/endpoints/sessions.py": {"executed_lines": [1, 3, 4, 6, 7, 8, 10, 11, 12, 13, 14, 15, 16, 26, 29, 30, 32, 34, 48, 50, 56, 63, 72, 81, 106, 122, 125, 136, 188, 191, 197, 218, 221, 227, 273, 276, 282, 316, 319, 325, 373, 376, 382, 411, 414, 420, 453, 456, 463, 490, 492, 493, 494, 495, 496, 497, 498, 499, 503, 504], "summary": {"covered_lines": 58, "num_statements": 174, "percent_covered": 33.333333333333336, "percent_covered_display": "33.33", "missing_lines": 116, "excluded_lines": 0}, "missing_lines": [52, 53, 54, 58, 59, 60, 61, 65, 66, 67, 69, 70, 74, 75, 76, 78, 79, 83, 110, 116, 140, 141, 142, 145, 148, 149, 150, 153, 154, 155, 158, 159, 162, 164, 171, 177, 178, 179, 180, 186, 203, 204, 207, 210, 212, 234, 235, 236, 239, 240, 241, 244, 247, 249, 250, 252, 260, 262, 263, 264, 265, 271, 286, 287, 288, 291, 295, 302, 306, 307, 308, 314, 332, 333, 336, 337, 338, 341, 344, 346, 347, 348, 350, 358, 362, 363, 364, 365, 371, 388, 390, 391, 392, 395, 397, 403, 404, 409, 424, 426, 427, 428, 431, 439, 445, 446, 451, 467, 469, 470, 471, 473, 478, 482, 483, 488], "excluded_lines": [], "functions": {"SessionCRUDRouter.__init__": {"executed_lines": [34, 48], "summary": {"covered_lines": 2, "num_statements": 2, "percent_covered": 100.0, "percent_covered_display": "100.00", "missing_lines": 0, "excluded_lines": 0}, "missing_lines": [], "excluded_lines": []}, "SessionCRUDRouter._check_admin_permission": {"executed_lines": [], "summary": {"covered_lines": 0, "num_statements": 3, "percent_covered": 0.0, "percent_covered_display": "0.00", "missing_lines": 3, "excluded_lines": 0}, "missing_lines": [52, 53, 54], "excluded_lines": []}, "SessionCRUDRouter._get_current_user_id": {"executed_lines": [], "summary": {"covered_lines": 0, "num_statements": 4, "percent_covered": 0.0, "percent_covered_display": "0.00", "missing_lines": 4, "excluded_lines": 0}, "missing_lines": [58, 59, 60, 61], "excluded_lines": []}, "SessionCRUDRouter._check_session_ownership": {"executed_lines": [], "summary": {"covered_lines": 0, "num_statements": 5, "percent_covered": 0.0, "percent_covered_display": "0.00", "missing_lines": 5, "excluded_lines": 0}, "missing_lines": [65, 66, 67, 69, 70], "excluded_lines": []}, "SessionCRUDRouter._check_create_permission": {"executed_lines": [], "summary": {"covered_lines": 0, "num_statements": 5, "percent_covered": 0.0, "percent_covered_display": "0.00", "missing_lines": 5, "excluded_lines": 0}, "missing_lines": [74, 75, 76, 78, 79], "excluded_lines": []}, "SessionCRUDRouter._build_session_response": {"executed_lines": [], "summary": {"covered_lines": 0, "num_statements": 1, "percent_covered": 0.0, "percent_covered_display": "0.00", "missing_lines": 1, "excluded_lines": 0}, "missing_lines": [83], "excluded_lines": []}, "SessionCRUDRouter._build_operation_result": {"executed_lines": [], "summary": {"covered_lines": 0, "num_statements": 2, "percent_covered": 0.0, "percent_covered_display": "0.00", "missing_lines": 2, "excluded_lines": 0}, "missing_lines": [110, 116], "excluded_lines": []}, "SessionCRUDRouter._register_create_session_endpoint": {"executed_lines": [125, 136], "summary": {"covered_lines": 2, "num_statements": 2, "percent_covered": 100.0, "percent_covered_display": "100.00", "missing_lines": 0, "excluded_lines": 0}, "missing_lines": [], "excluded_lines": []}, "SessionCRUDRouter._register_create_session_endpoint.create_session_endpoint": {"executed_lines": [], "summary": {"covered_lines": 0, "num_statements": 20, "percent_covered": 0.0, "percent_covered_display": "0.00", "missing_lines": 20, "excluded_lines": 0}, "missing_lines": [140, 141, 142, 145, 148, 149, 150, 153, 154, 155, 158, 159, 162, 164, 171, 177, 178, 179, 180, 186], "excluded_lines": []}, "SessionCRUDRouter._register_my_sessions_endpoint": {"executed_lines": [191, 197], "summary": {"covered_lines": 2, "num_statements": 2, "percent_covered": 100.0, "percent_covered_display": "100.00", "missing_lines": 0, "excluded_lines": 0}, "missing_lines": [], "excluded_lines": []}, "SessionCRUDRouter._register_my_sessions_endpoint.get_my_sessions": {"executed_lines": [], "summary": {"covered_lines": 0, "num_statements": 5, "percent_covered": 0.0, "percent_covered_display": "0.00", "missing_lines": 5, "excluded_lines": 0}, "missing_lines": [203, 204, 207, 210, 212], "excluded_lines": []}, "SessionCRUDRouter._register_revoke_session_endpoint": {"executed_lines": [221, 227], "summary": {"covered_lines": 2, "num_statements": 2, "percent_covered": 100.0, "percent_covered_display": "100.00", "missing_lines": 0, "excluded_lines": 0}, "missing_lines": [], "excluded_lines": []}, "SessionCRUDRouter._register_revoke_session_endpoint.revoke_session": {"executed_lines": [], "summary": {"covered_lines": 0, "num_statements": 17, "percent_covered": 0.0, "percent_covered_display": "0.00", "missing_lines": 17, "excluded_lines": 0}, "missing_lines": [234, 235, 236, 239, 240, 241, 244, 247, 249, 250, 252, 260, 262, 263, 264, 265, 271], "excluded_lines": []}, "SessionCRUDRouter._register_revoke_all_sessions_endpoint": {"executed_lines": [276, 282], "summary": {"covered_lines": 2, "num_statements": 2, "percent_covered": 100.0, "percent_covered_display": "100.00", "missing_lines": 0, "excluded_lines": 0}, "missing_lines": [], "excluded_lines": []}, "SessionCRUDRouter._register_revoke_all_sessions_endpoint.revoke_all_user_sessions": {"executed_lines": [], "summary": {"covered_lines": 0, "num_statements": 10, "percent_covered": 0.0, "percent_covered_display": "0.00", "missing_lines": 10, "excluded_lines": 0}, "missing_lines": [286, 287, 288, 291, 295, 302, 306, 307, 308, 314], "excluded_lines": []}, "SessionCRUDRouter._register_extend_session_endpoint": {"executed_lines": [319, 325], "summary": {"covered_lines": 2, "num_statements": 2, "percent_covered": 100.0, "percent_covered_display": "100.00", "missing_lines": 0, "excluded_lines": 0}, "missing_lines": [], "excluded_lines": []}, "SessionCRUDRouter._register_extend_session_endpoint.extend_session": {"executed_lines": [], "summary": {"covered_lines": 0, "num_statements": 17, "percent_covered": 0.0, "percent_covered_display": "0.00", "missing_lines": 17, "excluded_lines": 0}, "missing_lines": [332, 333, 336, 337, 338, 341, 344, 346, 347, 348, 350, 358, 362, 363, 364, 365, 371], "excluded_lines": []}, "SessionCRUDRouter._register_active_sessions_endpoint": {"executed_lines": [376, 382], "summary": {"covered_lines": 2, "num_statements": 2, "percent_covered": 100.0, "percent_covered_display": "100.00", "missing_lines": 0, "excluded_lines": 0}, "missing_lines": [], "excluded_lines": []}, "SessionCRUDRouter._register_active_sessions_endpoint.get_active_sessions": {"executed_lines": [], "summary": {"covered_lines": 0, "num_statements": 9, "percent_covered": 0.0, "percent_covered_display": "0.00", "missing_lines": 9, "excluded_lines": 0}, "missing_lines": [388, 390, 391, 392, 395, 397, 403, 404, 409], "excluded_lines": []}, "SessionCRUDRouter._register_statistics_endpoint": {"executed_lines": [414, 420], "summary": {"covered_lines": 2, "num_statements": 2, "percent_covered": 100.0, "percent_covered_display": "100.00", "missing_lines": 0, "excluded_lines": 0}, "missing_lines": [], "excluded_lines": []}, "SessionCRUDRouter._register_statistics_endpoint.get_session_statistics": {"executed_lines": [], "summary": {"covered_lines": 0, "num_statements": 9, "percent_covered": 0.0, "percent_covered_display": "0.00", "missing_lines": 9, "excluded_lines": 0}, "missing_lines": [424, 426, 427, 428, 431, 439, 445, 446, 451], "excluded_lines": []}, "SessionCRUDRouter._register_cleanup_endpoint": {"executed_lines": [456, 463], "summary": {"covered_lines": 2, "num_statements": 2, "percent_covered": 100.0, "percent_covered_display": "100.00", "missing_lines": 0, "excluded_lines": 0}, "missing_lines": [], "excluded_lines": []}, "SessionCRUDRouter._register_cleanup_endpoint.cleanup_expired_sessions": {"executed_lines": [], "summary": {"covered_lines": 0, "num_statements": 9, "percent_covered": 0.0, "percent_covered_display": "0.00", "missing_lines": 9, "excluded_lines": 0}, "missing_lines": [467, 469, 470, 471, 473, 478, 482, 483, 488], "excluded_lines": []}, "SessionCRUDRouter._add_custom_endpoints": {"executed_lines": [492, 493, 494, 495, 496, 497, 498, 499], "summary": {"covered_lines": 8, "num_statements": 8, "percent_covered": 100.0, "percent_covered_display": "100.00", "missing_lines": 0, "excluded_lines": 0}, "missing_lines": [], "excluded_lines": []}, "": {"executed_lines": [1, 3, 4, 6, 7, 8, 10, 11, 12, 13, 14, 15, 16, 26, 29, 30, 32, 50, 56, 63, 72, 81, 106, 122, 188, 218, 273, 316, 373, 411, 453, 490, 503, 504], "summary": {"covered_lines": 32, "num_statements": 32, "percent_covered": 100.0, "percent_covered_display": "100.00", "missing_lines": 0, "excluded_lines": 0}, "missing_lines": [], "excluded_lines": []}}, "classes": {"SessionCRUDRouter": {"executed_lines": [34, 48, 125, 136, 191, 197, 221, 227, 276, 282, 319, 325, 376, 382, 414, 420, 456, 463, 492, 493, 494, 495, 496, 497, 498, 499], "summary": {"covered_lines": 26, "num_statements": 142, "percent_covered": 18.309859154929576, "percent_covered_display": "18.31", "missing_lines": 116, "excluded_lines": 0}, "missing_lines": [52, 53, 54, 58, 59, 60, 61, 65, 66, 67, 69, 70, 74, 75, 76, 78, 79, 83, 110, 116, 140, 141, 142, 145, 148, 149, 150, 153, 154, 155, 158, 159, 162, 164, 171, 177, 178, 179, 180, 186, 203, 204, 207, 210, 212, 234, 235, 236, 239, 240, 241, 244, 247, 249, 250, 252, 260, 262, 263, 264, 265, 271, 286, 287, 288, 291, 295, 302, 306, 307, 308, 314, 332, 333, 336, 337, 338, 341, 344, 346, 347, 348, 350, 358, 362, 363, 364, 365, 371, 388, 390, 391, 392, 395, 397, 403, 404, 409, 424, 426, 427, 428, 431, 439, 445, 446, 451, 467, 469, 470, 471, 473, 478, 482, 483, 488], "excluded_lines": []}, "": {"executed_lines": [1, 3, 4, 6, 7, 8, 10, 11, 12, 13, 14, 15, 16, 26, 29, 30, 32, 50, 56, 63, 72, 81, 106, 122, 188, 218, 273, 316, 373, 411, 453, 490, 503, 504], "summary": {"covered_lines": 32, "num_statements": 32, "percent_covered": 100.0, "percent_covered_display": "100.00", "missing_lines": 0, "excluded_lines": 0}, "missing_lines": [], "excluded_lines": []}}}, "app/api/endpoints/users.py": {"executed_lines": [1, 3, 4, 6, 7, 8, 10, 11, 12, 13, 14, 15, 16, 17, 18, 20, 24, 25, 27, 28, 29, 30, 31, 34, 35, 37, 39, 53, 55, 61, 68, 73, 82, 98, 105, 117, 119, 120, 121, 122, 123, 124, 125, 126, 128, 131, 142, 189, 192, 198, 212, 215, 221, 271, 274, 280, 320, 323, 332, 344, 347, 353, 389, 392, 398, 434, 437, 443, 481, 482], "summary": {"covered_lines": 67, "num_statements": 195, "percent_covered": 34.35897435897436, "percent_covered_display": "34.36", "missing_lines": 128, "excluded_lines": 0}, "missing_lines": [57, 58, 59, 63, 64, 65, 66, 70, 71, 75, 76, 86, 92, 100, 101, 102, 103, 107, 110, 111, 112, 113, 115, 146, 147, 150, 153, 156, 165, 167, 175, 177, 178, 179, 180, 187, 202, 204, 205, 207, 208, 210, 225, 227, 228, 231, 232, 233, 236, 239, 240, 241, 244, 245, 247, 248, 250, 252, 258, 260, 261, 262, 263, 269, 284, 286, 287, 290, 297, 298, 300, 302, 307, 309, 310, 311, 312, 318, 336, 337, 339, 340, 342, 357, 359, 360, 361, 363, 365, 366, 368, 370, 376, 378, 379, 380, 381, 387, 402, 404, 405, 406, 408, 410, 411, 413, 415, 421, 423, 424, 425, 426, 432, 447, 449, 450, 451, 453, 455, 456, 458, 460, 466, 468, 469, 470, 471, 477], "excluded_lines": [], "functions": {"UserCRUDRouter.__init__": {"executed_lines": [39, 53], "summary": {"covered_lines": 2, "num_statements": 2, "percent_covered": 100.0, "percent_covered_display": "100.00", "missing_lines": 0, "excluded_lines": 0}, "missing_lines": [], "excluded_lines": []}, "UserCRUDRouter._check_admin_permission": {"executed_lines": [], "summary": {"covered_lines": 0, "num_statements": 3, "percent_covered": 0.0, "percent_covered_display": "0.00", "missing_lines": 3, "excluded_lines": 0}, "missing_lines": [57, 58, 59], "excluded_lines": []}, "UserCRUDRouter._get_current_user_id": {"executed_lines": [], "summary": {"covered_lines": 0, "num_statements": 4, "percent_covered": 0.0, "percent_covered_display": "0.00", "missing_lines": 4, "excluded_lines": 0}, "missing_lines": [63, 64, 65, 66], "excluded_lines": []}, "UserCRUDRouter._get_created_by": {"executed_lines": [], "summary": {"covered_lines": 0, "num_statements": 2, "percent_covered": 0.0, "percent_covered_display": "0.00", "missing_lines": 2, "excluded_lines": 0}, "missing_lines": [70, 71], "excluded_lines": []}, "UserCRUDRouter._build_user_response": {"executed_lines": [], "summary": {"covered_lines": 0, "num_statements": 2, "percent_covered": 0.0, "percent_covered_display": "0.00", "missing_lines": 2, "excluded_lines": 0}, "missing_lines": [75, 76], "excluded_lines": []}, "UserCRUDRouter._build_operation_result": {"executed_lines": [], "summary": {"covered_lines": 0, "num_statements": 2, "percent_covered": 0.0, "percent_covered_display": "0.00", "missing_lines": 2, "excluded_lines": 0}, "missing_lines": [86, 92], "excluded_lines": []}, "UserCRUDRouter._validate_user_availability": {"executed_lines": [], "summary": {"covered_lines": 0, "num_statements": 4, "percent_covered": 0.0, "percent_covered_display": "0.00", "missing_lines": 4, "excluded_lines": 0}, "missing_lines": [100, 101, 102, 103], "excluded_lines": []}, "UserCRUDRouter._prepare_update_data": {"executed_lines": [], "summary": {"covered_lines": 0, "num_statements": 6, "percent_covered": 0.0, "percent_covered_display": "0.00", "missing_lines": 6, "excluded_lines": 0}, "missing_lines": [107, 110, 111, 112, 113, 115], "excluded_lines": []}, "UserCRUDRouter._add_custom_endpoints": {"executed_lines": [119, 120, 121, 122, 123, 124, 125, 126], "summary": {"covered_lines": 8, "num_statements": 8, "percent_covered": 100.0, "percent_covered_display": "100.00", "missing_lines": 0, "excluded_lines": 0}, "missing_lines": [], "excluded_lines": []}, "UserCRUDRouter._register_create_endpoint": {"executed_lines": [131, 142], "summary": {"covered_lines": 2, "num_statements": 2, "percent_covered": 100.0, "percent_covered_display": "100.00", "missing_lines": 0, "excluded_lines": 0}, "missing_lines": [], "excluded_lines": []}, "UserCRUDRouter._register_create_endpoint.create_user_endpoint": {"executed_lines": [], "summary": {"covered_lines": 0, "num_statements": 13, "percent_covered": 0.0, "percent_covered_display": "0.00", "missing_lines": 13, "excluded_lines": 0}, "missing_lines": [146, 147, 150, 153, 156, 165, 167, 175, 177, 178, 179, 180, 187], "excluded_lines": []}, "UserCRUDRouter._register_profile_endpoint": {"executed_lines": [192, 198], "summary": {"covered_lines": 2, "num_statements": 2, "percent_covered": 100.0, "percent_covered_display": "100.00", "missing_lines": 0, "excluded_lines": 0}, "missing_lines": [], "excluded_lines": []}, "UserCRUDRouter._register_profile_endpoint.get_current_user": {"executed_lines": [], "summary": {"covered_lines": 0, "num_statements": 6, "percent_covered": 0.0, "percent_covered_display": "0.00", "missing_lines": 6, "excluded_lines": 0}, "missing_lines": [202, 204, 205, 207, 208, 210], "excluded_lines": []}, "UserCRUDRouter._register_profile_update_endpoint": {"executed_lines": [215, 221], "summary": {"covered_lines": 2, "num_statements": 2, "percent_covered": 100.0, "percent_covered_display": "100.00", "missing_lines": 0, "excluded_lines": 0}, "missing_lines": [], "excluded_lines": []}, "UserCRUDRouter._register_profile_update_endpoint.update_current_user": {"executed_lines": [], "summary": {"covered_lines": 0, "num_statements": 22, "percent_covered": 0.0, "percent_covered_display": "0.00", "missing_lines": 22, "excluded_lines": 0}, "missing_lines": [225, 227, 228, 231, 232, 233, 236, 239, 240, 241, 244, 245, 247, 248, 250, 252, 258, 260, 261, 262, 263, 269], "excluded_lines": []}, "UserCRUDRouter._register_change_password_endpoint": {"executed_lines": [274, 280], "summary": {"covered_lines": 2, "num_statements": 2, "percent_covered": 100.0, "percent_covered_display": "100.00", "missing_lines": 0, "excluded_lines": 0}, "missing_lines": [], "excluded_lines": []}, "UserCRUDRouter._register_change_password_endpoint.change_password": {"executed_lines": [], "summary": {"covered_lines": 0, "num_statements": 14, "percent_covered": 0.0, "percent_covered_display": "0.00", "missing_lines": 14, "excluded_lines": 0}, "missing_lines": [284, 286, 287, 290, 297, 298, 300, 302, 307, 309, 310, 311, 312, 318], "excluded_lines": []}, "UserCRUDRouter._register_username_lookup_endpoint": {"executed_lines": [323, 332], "summary": {"covered_lines": 2, "num_statements": 2, "percent_covered": 100.0, "percent_covered_display": "100.00", "missing_lines": 0, "excluded_lines": 0}, "missing_lines": [], "excluded_lines": []}, "UserCRUDRouter._register_username_lookup_endpoint.get_user_by_username": {"executed_lines": [], "summary": {"covered_lines": 0, "num_statements": 5, "percent_covered": 0.0, "percent_covered_display": "0.00", "missing_lines": 5, "excluded_lines": 0}, "missing_lines": [336, 337, 339, 340, 342], "excluded_lines": []}, "UserCRUDRouter._register_verify_endpoint": {"executed_lines": [347, 353], "summary": {"covered_lines": 2, "num_statements": 2, "percent_covered": 100.0, "percent_covered_display": "100.00", "missing_lines": 0, "excluded_lines": 0}, "missing_lines": [], "excluded_lines": []}, "UserCRUDRouter._register_verify_endpoint.verify_user_email": {"executed_lines": [], "summary": {"covered_lines": 0, "num_statements": 15, "percent_covered": 0.0, "percent_covered_display": "0.00", "missing_lines": 15, "excluded_lines": 0}, "missing_lines": [357, 359, 360, 361, 363, 365, 366, 368, 370, 376, 378, 379, 380, 381, 387], "excluded_lines": []}, "UserCRUDRouter._register_deactivate_endpoint": {"executed_lines": [392, 398], "summary": {"covered_lines": 2, "num_statements": 2, "percent_covered": 100.0, "percent_covered_display": "100.00", "missing_lines": 0, "excluded_lines": 0}, "missing_lines": [], "excluded_lines": []}, "UserCRUDRouter._register_deactivate_endpoint.deactivate_user": {"executed_lines": [], "summary": {"covered_lines": 0, "num_statements": 15, "percent_covered": 0.0, "percent_covered_display": "0.00", "missing_lines": 15, "excluded_lines": 0}, "missing_lines": [402, 404, 405, 406, 408, 410, 411, 413, 415, 421, 423, 424, 425, 426, 432], "excluded_lines": []}, "UserCRUDRouter._register_activate_endpoint": {"executed_lines": [437, 443], "summary": {"covered_lines": 2, "num_statements": 2, "percent_covered": 100.0, "percent_covered_display": "100.00", "missing_lines": 0, "excluded_lines": 0}, "missing_lines": [], "excluded_lines": []}, "UserCRUDRouter._register_activate_endpoint.activate_user": {"executed_lines": [], "summary": {"covered_lines": 0, "num_statements": 15, "percent_covered": 0.0, "percent_covered_display": "0.00", "missing_lines": 15, "excluded_lines": 0}, "missing_lines": [447, 449, 450, 451, 453, 455, 456, 458, 460, 466, 468, 469, 470, 471, 477], "excluded_lines": []}, "": {"executed_lines": [1, 3, 4, 6, 7, 8, 10, 11, 12, 13, 14, 15, 16, 17, 18, 20, 24, 25, 27, 28, 29, 30, 31, 34, 35, 37, 55, 61, 68, 73, 82, 98, 105, 117, 128, 189, 212, 271, 320, 344, 389, 434, 481, 482], "summary": {"covered_lines": 41, "num_statements": 41, "percent_covered": 100.0, "percent_covered_display": "100.00", "missing_lines": 0, "excluded_lines": 0}, "missing_lines": [], "excluded_lines": []}}, "classes": {"UserFilter": {"executed_lines": [], "summary": {"covered_lines": 0, "num_statements": 0, "percent_covered": 100.0, "percent_covered_display": "100.00", "missing_lines": 0, "excluded_lines": 0}, "missing_lines": [], "excluded_lines": []}, "UserCRUDRouter": {"executed_lines": [39, 53, 119, 120, 121, 122, 123, 124, 125, 126, 131, 142, 192, 198, 215, 221, 274, 280, 323, 332, 347, 353, 392, 398, 437, 443], "summary": {"covered_lines": 26, "num_statements": 154, "percent_covered": 16.883116883116884, "percent_covered_display": "16.88", "missing_lines": 128, "excluded_lines": 0}, "missing_lines": [57, 58, 59, 63, 64, 65, 66, 70, 71, 75, 76, 86, 92, 100, 101, 102, 103, 107, 110, 111, 112, 113, 115, 146, 147, 150, 153, 156, 165, 167, 175, 177, 178, 179, 180, 187, 202, 204, 205, 207, 208, 210, 225, 227, 228, 231, 232, 233, 236, 239, 240, 241, 244, 245, 247, 248, 250, 252, 258, 260, 261, 262, 263, 269, 284, 286, 287, 290, 297, 298, 300, 302, 307, 309, 310, 311, 312, 318, 336, 337, 339, 340, 342, 357, 359, 360, 361, 363, 365, 366, 368, 370, 376, 378, 379, 380, 381, 387, 402, 404, 405, 406, 408, 410, 411, 413, 415, 421, 423, 424, 425, 426, 432, 447, 449, 450, 451, 453, 455, 456, 458, 460, 466, 468, 469, 470, 471, 477], "excluded_lines": []}, "": {"executed_lines": [1, 3, 4, 6, 7, 8, 10, 11, 12, 13, 14, 15, 16, 17, 18, 20, 24, 25, 27, 28, 29, 30, 31, 34, 35, 37, 55, 61, 68, 73, 82, 98, 105, 117, 128, 189, 212, 271, 320, 344, 389, 434, 481, 482], "summary": {"covered_lines": 41, "num_statements": 41, "percent_covered": 100.0, "percent_covered_display": "100.00", "missing_lines": 0, "excluded_lines": 0}, "missing_lines": [], "excluded_lines": []}}}, "app/api/routes.py": {"executed_lines": [1, 3, 5, 7, 9, 12, 21, 32, 43, 50, 57, 64], "summary": {"covered_lines": 11, "num_statements": 11, "percent_covered": 100.0, "percent_covered_display": "100.00", "missing_lines": 0, "excluded_lines": 0}, "missing_lines": [], "excluded_lines": [], "functions": {"": {"executed_lines": [1, 3, 5, 7, 9, 12, 21, 32, 43, 50, 57, 64], "summary": {"covered_lines": 11, "num_statements": 11, "percent_covered": 100.0, "percent_covered_display": "100.00", "missing_lines": 0, "excluded_lines": 0}, "missing_lines": [], "excluded_lines": []}}, "classes": {"": {"executed_lines": [1, 3, 5, 7, 9, 12, 21, 32, 43, 50, 57, 64], "summary": {"covered_lines": 11, "num_statements": 11, "percent_covered": 100.0, "percent_covered_display": "100.00", "missing_lines": 0, "excluded_lines": 0}, "missing_lines": [], "excluded_lines": []}}}, "app/core/config.py": {"executed_lines": [1, 3, 4, 5, 6, 7, 8, 9, 11, 12, 13, 15, 18, 19, 21, 28, 29, 30, 31, 34, 35, 38, 39, 40, 41, 42, 45, 46, 47, 48, 51, 52, 53, 54, 57, 58, 59, 62, 63, 66, 67, 68, 71, 72, 75, 76, 77, 80, 81, 84, 85, 88, 89, 91, 92, 93, 95, 96, 97, 99, 100, 101, 103, 104, 105, 107, 108, 109, 111, 112, 115, 116, 117, 118, 119, 120, 121, 122, 123, 124, 125, 130, 132, 133, 134, 137, 138, 139, 143, 144, 147, 148, 151, 152, 153, 155, 156, 158, 160, 162, 163, 165, 168, 171, 173, 174, 177, 185, 186, 187, 189, 191, 192, 194, 195, 196, 199, 204, 206, 207, 209, 210, 211, 216, 217, 219, 220, 221, 223, 224, 227, 230, 232, 233, 235, 237, 238, 240, 242, 243, 245, 246, 248, 249, 250, 252, 253, 254, 263, 264, 266, 269, 270, 271, 272, 273, 278, 280, 287, 289, 291, 293, 306, 313, 314, 317, 321, 322, 325, 326, 328, 329, 332, 333, 336, 337, 340, 351, 353, 355, 365, 367, 368, 370, 371, 372, 374, 375, 376, 377, 378, 379, 381, 383, 386, 387, 389, 392, 393, 403, 405, 406, 407, 410, 413, 422, 426, 431, 433, 434, 436, 437, 440, 447, 448, 451, 461, 463, 464, 472, 473, 474, 475, 476, 477, 478, 479, 480, 481, 488, 489, 491, 502, 503], "summary": {"covered_lines": 231, "num_statements": 272, "percent_covered": 84.92647058823529, "percent_covered_display": "84.93", "missing_lines": 41, "excluded_lines": 0}, "missing_lines": [126, 127, 128, 154, 166, 169, 175, 197, 200, 201, 202, 212, 213, 214, 228, 255, 257, 258, 259, 260, 261, 267, 274, 275, 276, 318, 323, 338, 423, 427, 428, 429, 435, 504, 505, 508, 509, 511, 513, 514, 515], "excluded_lines": [], "functions": {"Settings.validate_database_url": {"executed_lines": [95, 96, 97], "summary": {"covered_lines": 3, "num_statements": 3, "percent_covered": 100.0, "percent_covered_display": "100.00", "missing_lines": 0, "excluded_lines": 0}, "missing_lines": [], "excluded_lines": []}, "Settings.validate_redis_url": {"executed_lines": [103, 104, 105], "summary": {"covered_lines": 3, "num_statements": 3, "percent_covered": 100.0, "percent_covered_display": "100.00", "missing_lines": 0, "excluded_lines": 0}, "missing_lines": [], "excluded_lines": []}, "Settings.validate_origins": {"executed_lines": [111, 112, 115, 116, 117, 118, 119, 120, 121, 122, 123, 124, 125, 130], "summary": {"covered_lines": 14, "num_statements": 17, "percent_covered": 82.3529411764706, "percent_covered_display": "82.35", "missing_lines": 3, "excluded_lines": 0}, "missing_lines": [126, 127, 128], "excluded_lines": []}, "Settings.validate_server_host": {"executed_lines": [137, 138, 139, 143, 144, 147, 148, 151, 152, 153, 155, 156, 158], "summary": {"covered_lines": 13, "num_statements": 14, "percent_covered": 92.85714285714286, "percent_covered_display": "92.86", "missing_lines": 1, "excluded_lines": 0}, "missing_lines": [154], "excluded_lines": []}, "Settings._validate_production_security": {"executed_lines": [162, 163, 165, 168], "summary": {"covered_lines": 4, "num_statements": 6, "percent_covered": 66.66666666666667, "percent_covered_display": "66.67", "missing_lines": 2, "excluded_lines": 0}, "missing_lines": [166, 169], "excluded_lines": []}, "Settings._validate_secret_key_strength": {"executed_lines": [173, 174, 177, 185, 186, 187], "summary": {"covered_lines": 6, "num_statements": 7, "percent_covered": 85.71428571428571, "percent_covered_display": "85.71", "missing_lines": 1, "excluded_lines": 0}, "missing_lines": [175], "excluded_lines": []}, "Settings._validate_database_url": {"executed_lines": [191, 192, 194, 195, 196, 199], "summary": {"covered_lines": 6, "num_statements": 10, "percent_covered": 60.0, "percent_covered_display": "60.00", "missing_lines": 4, "excluded_lines": 0}, "missing_lines": [197, 200, 201, 202], "excluded_lines": []}, "Settings._validate_redis_url": {"executed_lines": [206, 207, 209, 210, 211], "summary": {"covered_lines": 5, "num_statements": 8, "percent_covered": 62.5, "percent_covered_display": "62.50", "missing_lines": 3, "excluded_lines": 0}, "missing_lines": [212, 213, 214], "excluded_lines": []}, "Settings.validate_production_settings": {"executed_lines": [219, 220, 221, 223, 224, 227, 230], "summary": {"covered_lines": 7, "num_statements": 8, "percent_covered": 87.5, "percent_covered_display": "87.50", "missing_lines": 1, "excluded_lines": 0}, "missing_lines": [228], "excluded_lines": []}, "Settings.is_production": {"executed_lines": [235], "summary": {"covered_lines": 1, "num_statements": 1, "percent_covered": 100.0, "percent_covered_display": "100.00", "missing_lines": 0, "excluded_lines": 0}, "missing_lines": [], "excluded_lines": []}, "Settings.is_development": {"executed_lines": [240], "summary": {"covered_lines": 1, "num_statements": 1, "percent_covered": 100.0, "percent_covered_display": "100.00", "missing_lines": 0, "excluded_lines": 0}, "missing_lines": [], "excluded_lines": []}, "Settings.database_url_safe": {"executed_lines": [245, 246, 248, 249, 250, 252, 253, 254], "summary": {"covered_lines": 8, "num_statements": 14, "percent_covered": 57.142857142857146, "percent_covered_display": "57.14", "missing_lines": 6, "excluded_lines": 0}, "missing_lines": [255, 257, 258, 259, 260, 261], "excluded_lines": []}, "Settings.redis_url_safe": {"executed_lines": [266, 269, 270, 271, 272, 273], "summary": {"covered_lines": 6, "num_statements": 10, "percent_covered": 60.0, "percent_covered_display": "60.00", "missing_lines": 4, "excluded_lines": 0}, "missing_lines": [267, 274, 275, 276], "excluded_lines": []}, "Settings.get_database_config": {"executed_lines": [280], "summary": {"covered_lines": 1, "num_statements": 1, "percent_covered": 100.0, "percent_covered_display": "100.00", "missing_lines": 0, "excluded_lines": 0}, "missing_lines": [], "excluded_lines": []}, "Settings.get_redis_config": {"executed_lines": [289], "summary": {"covered_lines": 1, "num_statements": 1, "percent_covered": 100.0, "percent_covered_display": "100.00", "missing_lines": 0, "excluded_lines": 0}, "missing_lines": [], "excluded_lines": []}, "Settings.get_security_config": {"executed_lines": [293], "summary": {"covered_lines": 1, "num_statements": 1, "percent_covered": 100.0, "percent_covered_display": "100.00", "missing_lines": 0, "excluded_lines": 0}, "missing_lines": [], "excluded_lines": []}, "Settings.validate_configuration": {"executed_lines": [313, 314, 317, 321, 322, 325, 326, 328, 329, 332, 333, 336, 337, 340], "summary": {"covered_lines": 14, "num_statements": 17, "percent_covered": 82.3529411764706, "percent_covered_display": "82.35", "missing_lines": 3, "excluded_lines": 0}, "missing_lines": [318, 323, 338], "excluded_lines": []}, "Settings.generate_secret_key": {"executed_lines": [353], "summary": {"covered_lines": 1, "num_statements": 1, "percent_covered": 100.0, "percent_covered_display": "100.00", "missing_lines": 0, "excluded_lines": 0}, "missing_lines": [], "excluded_lines": []}, "Settings.to_dict": {"executed_lines": [365, 367, 368, 370, 371, 372, 374, 375, 376, 377, 378, 379, 381, 383], "summary": {"covered_lines": 14, "num_statements": 14, "percent_covered": 100.0, "percent_covered_display": "100.00", "missing_lines": 0, "excluded_lines": 0}, "missing_lines": [], "excluded_lines": []}, "get_settings": {"executed_lines": [403, 405, 406, 407, 410, 413, 422, 426, 431, 433, 434, 436, 437], "summary": {"covered_lines": 13, "num_statements": 18, "percent_covered": 72.22222222222223, "percent_covered_display": "72.22", "missing_lines": 5, "excluded_lines": 0}, "missing_lines": [423, 427, 428, 429, 435], "excluded_lines": []}, "reload_settings": {"executed_lines": [447, 448], "summary": {"covered_lines": 2, "num_statements": 2, "percent_covered": 100.0, "percent_covered_display": "100.00", "missing_lines": 0, "excluded_lines": 0}, "missing_lines": [], "excluded_lines": []}, "validate_environment_file": {"executed_lines": [461, 463, 464, 472, 473, 474, 475, 476, 477, 478, 479, 480, 481, 488, 489, 491], "summary": {"covered_lines": 16, "num_statements": 16, "percent_covered": 100.0, "percent_covered_display": "100.00", "missing_lines": 0, "excluded_lines": 0}, "missing_lines": [], "excluded_lines": []}, "": {"executed_lines": [1, 3, 4, 5, 6, 7, 8, 9, 11, 12, 13, 15, 18, 19, 21, 28, 29, 30, 31, 34, 35, 38, 39, 40, 41, 42, 45, 46, 47, 48, 51, 52, 53, 54, 57, 58, 59, 62, 63, 66, 67, 68, 71, 72, 75, 76, 77, 80, 81, 84, 85, 88, 89, 91, 92, 93, 99, 100, 101, 107, 108, 109, 132, 133, 134, 160, 171, 189, 204, 216, 217, 232, 233, 237, 238, 242, 243, 263, 264, 278, 287, 291, 306, 351, 355, 386, 387, 389, 392, 393, 440, 451, 502, 503], "summary": {"covered_lines": 91, "num_statements": 99, "percent_covered": 91.91919191919192, "percent_covered_display": "91.92", "missing_lines": 8, "excluded_lines": 0}, "missing_lines": [504, 505, 508, 509, 511, 513, 514, 515], "excluded_lines": []}}, "classes": {"Settings": {"executed_lines": [95, 96, 97, 103, 104, 105, 111, 112, 115, 116, 117, 118, 119, 120, 121, 122, 123, 124, 125, 130, 137, 138, 139, 143, 144, 147, 148, 151, 152, 153, 155, 156, 158, 162, 163, 165, 168, 173, 174, 177, 185, 186, 187, 191, 192, 194, 195, 196, 199, 206, 207, 209, 210, 211, 219, 220, 221, 223, 224, 227, 230, 235, 240, 245, 246, 248, 249, 250, 252, 253, 254, 266, 269, 270, 271, 272, 273, 280, 289, 293, 313, 314, 317, 321, 322, 325, 326, 328, 329, 332, 333, 336, 337, 340, 353, 365, 367, 368, 370, 371, 372, 374, 375, 376, 377, 378, 379, 381, 383], "summary": {"covered_lines": 109, "num_statements": 137, "percent_covered": 79.56204379562044, "percent_covered_display": "79.56", "missing_lines": 28, "excluded_lines": 0}, "missing_lines": [126, 127, 128, 154, 166, 169, 175, 197, 200, 201, 202, 212, 213, 214, 228, 255, 257, 258, 259, 260, 261, 267, 274, 275, 276, 318, 323, 338], "excluded_lines": []}, "ConfigurationError": {"executed_lines": [], "summary": {"covered_lines": 0, "num_statements": 0, "percent_covered": 100.0, "percent_covered_display": "100.00", "missing_lines": 0, "excluded_lines": 0}, "missing_lines": [], "excluded_lines": []}, "": {"executed_lines": [1, 3, 4, 5, 6, 7, 8, 9, 11, 12, 13, 15, 18, 19, 21, 28, 29, 30, 31, 34, 35, 38, 39, 40, 41, 42, 45, 46, 47, 48, 51, 52, 53, 54, 57, 58, 59, 62, 63, 66, 67, 68, 71, 72, 75, 76, 77, 80, 81, 84, 85, 88, 89, 91, 92, 93, 99, 100, 101, 107, 108, 109, 132, 133, 134, 160, 171, 189, 204, 216, 217, 232, 233, 237, 238, 242, 243, 263, 264, 278, 287, 291, 306, 351, 355, 386, 387, 389, 392, 393, 403, 405, 406, 407, 410, 413, 422, 426, 431, 433, 434, 436, 437, 440, 447, 448, 451, 461, 463, 464, 472, 473, 474, 475, 476, 477, 478, 479, 480, 481, 488, 489, 491, 502, 503], "summary": {"covered_lines": 122, "num_statements": 135, "percent_covered": 90.37037037037037, "percent_covered_display": "90.37", "missing_lines": 13, "excluded_lines": 0}, "missing_lines": [423, 427, 428, 429, 435, 504, 505, 508, 509, 511, 513, 514, 515], "excluded_lines": []}}}, "app/core/errors.py": {"executed_lines": [1, 3, 5, 6, 7, 8, 9, 11, 14, 15, 17, 18, 19, 20, 21, 24, 25, 27, 35, 36, 37, 40, 41, 43, 45, 52, 53, 55, 57, 65, 66, 68, 70, 77, 78, 80, 82, 89, 90, 92, 94, 101, 102, 104, 106, 113, 114, 116, 118, 125, 127, 129, 138, 146, 153, 155, 158, 159, 160, 161, 169, 179, 186, 192, 194, 197, 205, 206, 208, 210, 218, 224, 226, 229, 230, 233, 235], "summary": {"covered_lines": 67, "num_statements": 67, "percent_covered": 100.0, "percent_covered_display": "100.00", "missing_lines": 0, "excluded_lines": 0}, "missing_lines": [], "excluded_lines": [], "functions": {"APIError.__init__": {"executed_lines": [35, 36, 37], "summary": {"covered_lines": 3, "num_statements": 3, "percent_covered": 100.0, "percent_covered_display": "100.00", "missing_lines": 0, "excluded_lines": 0}, "missing_lines": [], "excluded_lines": []}, "BadRequestError.__init__": {"executed_lines": [45], "summary": {"covered_lines": 1, "num_statements": 1, "percent_covered": 100.0, "percent_covered_display": "100.00", "missing_lines": 0, "excluded_lines": 0}, "missing_lines": [], "excluded_lines": []}, "UnauthorizedError.__init__": {"executed_lines": [57], "summary": {"covered_lines": 1, "num_statements": 1, "percent_covered": 100.0, "percent_covered_display": "100.00", "missing_lines": 0, "excluded_lines": 0}, "missing_lines": [], "excluded_lines": []}, "ForbiddenError.__init__": {"executed_lines": [70], "summary": {"covered_lines": 1, "num_statements": 1, "percent_covered": 100.0, "percent_covered_display": "100.00", "missing_lines": 0, "excluded_lines": 0}, "missing_lines": [], "excluded_lines": []}, "NotFoundError.__init__": {"executed_lines": [82], "summary": {"covered_lines": 1, "num_statements": 1, "percent_covered": 100.0, "percent_covered_display": "100.00", "missing_lines": 0, "excluded_lines": 0}, "missing_lines": [], "excluded_lines": []}, "ConflictError.__init__": {"executed_lines": [94], "summary": {"covered_lines": 1, "num_statements": 1, "percent_covered": 100.0, "percent_covered_display": "100.00", "missing_lines": 0, "excluded_lines": 0}, "missing_lines": [], "excluded_lines": []}, "ValidationError.__init__": {"executed_lines": [106], "summary": {"covered_lines": 1, "num_statements": 1, "percent_covered": 100.0, "percent_covered_display": "100.00", "missing_lines": 0, "excluded_lines": 0}, "missing_lines": [], "excluded_lines": []}, "InternalServerError.__init__": {"executed_lines": [118], "summary": {"covered_lines": 1, "num_statements": 1, "percent_covered": 100.0, "percent_covered_display": "100.00", "missing_lines": 0, "excluded_lines": 0}, "missing_lines": [], "excluded_lines": []}, "api_error_handler": {"executed_lines": [127, 129, 138, 146], "summary": {"covered_lines": 4, "num_statements": 4, "percent_covered": 100.0, "percent_covered_display": "100.00", "missing_lines": 0, "excluded_lines": 0}, "missing_lines": [], "excluded_lines": []}, "validation_error_handler": {"executed_lines": [155, 158, 159, 160, 161, 169, 179, 186], "summary": {"covered_lines": 8, "num_statements": 8, "percent_covered": 100.0, "percent_covered_display": "100.00", "missing_lines": 0, "excluded_lines": 0}, "missing_lines": [], "excluded_lines": []}, "generic_error_handler": {"executed_lines": [194, 197, 205, 206, 208, 210, 218], "summary": {"covered_lines": 7, "num_statements": 7, "percent_covered": 100.0, "percent_covered_display": "100.00", "missing_lines": 0, "excluded_lines": 0}, "missing_lines": [], "excluded_lines": []}, "setup_error_handlers": {"executed_lines": [226, 229, 230, 233, 235], "summary": {"covered_lines": 5, "num_statements": 5, "percent_covered": 100.0, "percent_covered_display": "100.00", "missing_lines": 0, "excluded_lines": 0}, "missing_lines": [], "excluded_lines": []}, "": {"executed_lines": [1, 3, 5, 6, 7, 8, 9, 11, 14, 15, 17, 18, 19, 20, 21, 24, 25, 27, 40, 41, 43, 52, 53, 55, 65, 66, 68, 77, 78, 80, 89, 90, 92, 101, 102, 104, 113, 114, 116, 125, 153, 192, 224], "summary": {"covered_lines": 33, "num_statements": 33, "percent_covered": 100.0, "percent_covered_display": "100.00", "missing_lines": 0, "excluded_lines": 0}, "missing_lines": [], "excluded_lines": []}}, "classes": {"ErrorDetail": {"executed_lines": [], "summary": {"covered_lines": 0, "num_statements": 0, "percent_covered": 100.0, "percent_covered_display": "100.00", "missing_lines": 0, "excluded_lines": 0}, "missing_lines": [], "excluded_lines": []}, "APIError": {"executed_lines": [35, 36, 37], "summary": {"covered_lines": 3, "num_statements": 3, "percent_covered": 100.0, "percent_covered_display": "100.00", "missing_lines": 0, "excluded_lines": 0}, "missing_lines": [], "excluded_lines": []}, "BadRequestError": {"executed_lines": [45], "summary": {"covered_lines": 1, "num_statements": 1, "percent_covered": 100.0, "percent_covered_display": "100.00", "missing_lines": 0, "excluded_lines": 0}, "missing_lines": [], "excluded_lines": []}, "UnauthorizedError": {"executed_lines": [57], "summary": {"covered_lines": 1, "num_statements": 1, "percent_covered": 100.0, "percent_covered_display": "100.00", "missing_lines": 0, "excluded_lines": 0}, "missing_lines": [], "excluded_lines": []}, "ForbiddenError": {"executed_lines": [70], "summary": {"covered_lines": 1, "num_statements": 1, "percent_covered": 100.0, "percent_covered_display": "100.00", "missing_lines": 0, "excluded_lines": 0}, "missing_lines": [], "excluded_lines": []}, "NotFoundError": {"executed_lines": [82], "summary": {"covered_lines": 1, "num_statements": 1, "percent_covered": 100.0, "percent_covered_display": "100.00", "missing_lines": 0, "excluded_lines": 0}, "missing_lines": [], "excluded_lines": []}, "ConflictError": {"executed_lines": [94], "summary": {"covered_lines": 1, "num_statements": 1, "percent_covered": 100.0, "percent_covered_display": "100.00", "missing_lines": 0, "excluded_lines": 0}, "missing_lines": [], "excluded_lines": []}, "ValidationError": {"executed_lines": [106], "summary": {"covered_lines": 1, "num_statements": 1, "percent_covered": 100.0, "percent_covered_display": "100.00", "missing_lines": 0, "excluded_lines": 0}, "missing_lines": [], "excluded_lines": []}, "InternalServerError": {"executed_lines": [118], "summary": {"covered_lines": 1, "num_statements": 1, "percent_covered": 100.0, "percent_covered_display": "100.00", "missing_lines": 0, "excluded_lines": 0}, "missing_lines": [], "excluded_lines": []}, "": {"executed_lines": [1, 3, 5, 6, 7, 8, 9, 11, 14, 15, 17, 18, 19, 20, 21, 24, 25, 27, 40, 41, 43, 52, 53, 55, 65, 66, 68, 77, 78, 80, 89, 90, 92, 101, 102, 104, 113, 114, 116, 125, 127, 129, 138, 146, 153, 155, 158, 159, 160, 161, 169, 179, 186, 192, 194, 197, 205, 206, 208, 210, 218, 224, 226, 229, 230, 233, 235], "summary": {"covered_lines": 57, "num_statements": 57, "percent_covered": 100.0, "percent_covered_display": "100.00", "missing_lines": 0, "excluded_lines": 0}, "missing_lines": [], "excluded_lines": []}}}, "app/core/logging.py": {"executed_lines": [1, 3, 4, 5, 7, 8, 10, 13, 15, 16, 17, 18, 21, 25, 37, 39, 40, 41, 43, 44, 45, 46, 47, 48, 50, 51, 53, 56, 59, 84, 91, 92, 95, 97, 100, 108, 117, 119, 122, 124, 126, 130], "summary": {"covered_lines": 41, "num_statements": 41, "percent_covered": 100.0, "percent_covered_display": "100.00", "missing_lines": 0, "excluded_lines": 0}, "missing_lines": [], "excluded_lines": [], "functions": {"add_app_context": {"executed_lines": [15, 16, 17, 18], "summary": {"covered_lines": 4, "num_statements": 4, "percent_covered": 100.0, "percent_covered_display": "100.00", "missing_lines": 0, "excluded_lines": 0}, "missing_lines": [], "excluded_lines": []}, "sanitize_sensitive_data": {"executed_lines": [25, 37, 53], "summary": {"covered_lines": 3, "num_statements": 3, "percent_covered": 100.0, "percent_covered_display": "100.00", "missing_lines": 0, "excluded_lines": 0}, "missing_lines": [], "excluded_lines": []}, "sanitize_sensitive_data._sanitize_dict": {"executed_lines": [39, 40, 41, 43, 44, 45, 46, 47, 48, 50, 51], "summary": {"covered_lines": 11, "num_statements": 11, "percent_covered": 100.0, "percent_covered_display": "100.00", "missing_lines": 0, "excluded_lines": 0}, "missing_lines": [], "excluded_lines": []}, "setup_logging": {"executed_lines": [59, 84, 91, 92], "summary": {"covered_lines": 4, "num_statements": 4, "percent_covered": 100.0, "percent_covered_display": "100.00", "missing_lines": 0, "excluded_lines": 0}, "missing_lines": [], "excluded_lines": []}, "get_logger": {"executed_lines": [97], "summary": {"covered_lines": 1, "num_statements": 1, "percent_covered": 100.0, "percent_covered_display": "100.00", "missing_lines": 0, "excluded_lines": 0}, "missing_lines": [], "excluded_lines": []}, "log_request_context": {"executed_lines": [108], "summary": {"covered_lines": 1, "num_statements": 1, "percent_covered": 100.0, "percent_covered_display": "100.00", "missing_lines": 0, "excluded_lines": 0}, "missing_lines": [], "excluded_lines": []}, "clear_request_context": {"executed_lines": [119], "summary": {"covered_lines": 1, "num_statements": 1, "percent_covered": 100.0, "percent_covered_display": "100.00", "missing_lines": 0, "excluded_lines": 0}, "missing_lines": [], "excluded_lines": []}, "get_request_context": {"executed_lines": [124, 126], "summary": {"covered_lines": 2, "num_statements": 2, "percent_covered": 100.0, "percent_covered_display": "100.00", "missing_lines": 0, "excluded_lines": 0}, "missing_lines": [], "excluded_lines": []}, "": {"executed_lines": [1, 3, 4, 5, 7, 8, 10, 13, 21, 56, 95, 100, 117, 122, 130], "summary": {"covered_lines": 14, "num_statements": 14, "percent_covered": 100.0, "percent_covered_display": "100.00", "missing_lines": 0, "excluded_lines": 0}, "missing_lines": [], "excluded_lines": []}}, "classes": {"": {"executed_lines": [1, 3, 4, 5, 7, 8, 10, 13, 15, 16, 17, 18, 21, 25, 37, 39, 40, 41, 43, 44, 45, 46, 47, 48, 50, 51, 53, 56, 59, 84, 91, 92, 95, 97, 100, 108, 117, 119, 122, 124, 126, 130], "summary": {"covered_lines": 41, "num_statements": 41, "percent_covered": 100.0, "percent_covered_display": "100.00", "missing_lines": 0, "excluded_lines": 0}, "missing_lines": [], "excluded_lines": []}}}, "app/core/security.py": {"executed_lines": [1, 3, 4, 6, 7, 8, 10, 12, 15, 24, 29, 31, 32, 34, 36, 38, 44, 45, 48, 53, 55, 58, 60, 62, 68, 69, 72, 74, 75, 80, 81, 82, 83, 84, 85, 86, 89, 91, 92, 98, 100, 103, 105, 106, 108, 109, 112, 114, 115, 117, 118, 120, 121, 123, 124, 126, 127, 128, 130], "summary": {"covered_lines": 58, "num_statements": 62, "percent_covered": 93.54838709677419, "percent_covered_display": "93.55", "missing_lines": 4, "excluded_lines": 0}, "missing_lines": [56, 93, 94, 95], "excluded_lines": [], "functions": {"create_access_token": {"executed_lines": [29, 31, 32, 34, 36, 38, 44, 45], "summary": {"covered_lines": 8, "num_statements": 8, "percent_covered": 100.0, "percent_covered_display": "100.00", "missing_lines": 0, "excluded_lines": 0}, "missing_lines": [], "excluded_lines": []}, "create_refresh_token": {"executed_lines": [53, 55, 58, 60, 62, 68, 69], "summary": {"covered_lines": 7, "num_statements": 8, "percent_covered": 87.5, "percent_covered_display": "87.50", "missing_lines": 1, "excluded_lines": 0}, "missing_lines": [56], "excluded_lines": []}, "decode_token": {"executed_lines": [74, 75, 80, 81, 82, 83, 84, 85, 86], "summary": {"covered_lines": 9, "num_statements": 9, "percent_covered": 100.0, "percent_covered_display": "100.00", "missing_lines": 0, "excluded_lines": 0}, "missing_lines": [], "excluded_lines": []}, "verify_password": {"executed_lines": [91, 92], "summary": {"covered_lines": 2, "num_statements": 5, "percent_covered": 40.0, "percent_covered_display": "40.00", 
[...]
"100.00", "missing_lines": 0, "excluded_lines": 0}, "missing_lines": [], "excluded_lines": []}, "": {"executed_lines": [1, 3, 4, 5, 6, 8, 9, 11, 13, 16, 18, 21, 26, 33, 36, 84, 127, 170, 183, 196, 267, 288, 300], "summary": {"covered_lines": 22, "num_statements": 22, "percent_covered": 100.0, "percent_covered_display": "100.00", "missing_lines": 0, "excluded_lines": 0}, "missing_lines": [], "excluded_lines": []}}, "classes": {"": {"executed_lines": [1, 3, 4, 5, 6, 8, 9, 11, 13, 16, 18, 21, 26, 33, 36, 46, 47, 48, 49, 50, 52, 54, 55, 60, 61, 62, 64, 66, 70, 72, 73, 74, 75, 78, 79, 81, 84, 94, 95, 96, 97, 98, 99, 102, 104, 105, 106, 109, 110, 111, 112, 113, 116, 117, 120, 122, 124, 127, 134, 135, 138, 139, 140, 143, 149, 161, 162, 163, 170, 177, 178, 179, 180, 183, 190, 191, 192, 193, 196, 206, 207, 210, 211, 212, 213, 214, 216, 219, 220, 225, 226, 227, 229, 233, 237, 239, 249, 254, 256, 267, 278, 279, 280, 281, 284, 285, 288, 296, 297, 300, 302, 303], "summary": {"covered_lines": 111, "num_statements": 120, "percent_covered": 92.5, "percent_covered_display": "92.50", "missing_lines": 9, "excluded_lines": 0}, "missing_lines": [57, 108, 230, 231, 234, 235, 258, 259, 260], "excluded_lines": []}}}, "app/utils/retry.py": {"executed_lines": [1, 3, 4, 5, 6, 7, 9, 11, 13, 16, 17, 19, 39, 40, 41, 42, 43, 44, 47, 48, 50, 52, 53, 54, 55, 56, 59, 70, 71, 74, 77, 80, 81, 83, 84, 86, 89, 93, 94, 95, 101, 103, 104, 105, 112, 113, 116, 118, 119, 129, 131, 133, 134, 135, 137, 138, 146, 156, 177, 178, 180, 182, 183, 185, 187, 188, 189, 190, 192, 193, 195, 196, 199, 200, 202, 205, 221, 222, 224, 226, 227, 228, 230, 231, 238, 239, 241, 242, 243, 245, 246, 247, 256, 258, 259, 262, 263, 266, 269, 270, 278, 288, 289, 294, 310, 311, 312, 313, 315, 317, 320, 334, 335, 336, 337, 339, 341, 345, 347, 349, 353], "summary": {"covered_lines": 118, "num_statements": 121, "percent_covered": 97.52066115702479, "percent_covered_display": "97.52", "missing_lines": 3, "excluded_lines": 0}, "missing_lines": [97, 98, 291], "excluded_lines": [], "functions": {"RetryConfig.__init__": {"executed_lines": [39, 40, 41, 42, 43, 44], "summary": {"covered_lines": 6, "num_statements": 6, "percent_covered": 100.0, "percent_covered_display": "100.00", "missing_lines": 0, "excluded_lines": 0}, "missing_lines": [], "excluded_lines": []}, "RetryState.__init__": {"executed_lines": [52, 53, 54, 55, 56], "summary": {"covered_lines": 5, "num_statements": 5, "percent_covered": 100.0, "percent_covered_display": "100.00", "missing_lines": 0, "excluded_lines": 0}, "missing_lines": [], "excluded_lines": []}, "calculate_delay": {"executed_lines": [70, 71, 74, 77, 80, 81, 83, 84, 86], "summary": {"covered_lines": 9, "num_statements": 9, "percent_covered": 100.0, "percent_covered_display": "100.00", "missing_lines": 0, "excluded_lines": 0}, "missing_lines": [], "excluded_lines": []}, "_execute_with_timing": {"executed_lines": [93, 94, 95], "summary": {"covered_lines": 3, "num_statements": 5, "percent_covered": 60.0, "percent_covered_display": "60.00", "missing_lines": 2, "excluded_lines": 0}, "missing_lines": [97, 98], "excluded_lines": []}, "_handle_retry_delay": {"executed_lines": [103, 104, 105, 112, 113], "summary": {"covered_lines": 5, "num_statements": 5, "percent_covered": 100.0, "percent_covered_display": "100.00", "missing_lines": 0, "excluded_lines": 0}, "missing_lines": [], "excluded_lines": []}, "_log_retry_outcome": {"executed_lines": [118, 119], "summary": {"covered_lines": 2, "num_statements": 2, "percent_covered": 100.0, "percent_covered_display": "100.00", "missing_lines": 0, "excluded_lines": 0}, "missing_lines": [], "excluded_lines": []}, "_handle_retry_exception": {"executed_lines": [131, 133, 134, 135, 137, 138, 146], "summary": {"covered_lines": 7, "num_statements": 7, "percent_covered": 100.0, "percent_covered_display": "100.00", "missing_lines": 0, "excluded_lines": 0}, "missing_lines": [], "excluded_lines": []}, "retry_async": {"executed_lines": [177, 178, 180, 182, 183, 185, 187, 188, 189, 190, 192, 193, 195, 196, 199, 200, 202], "summary": {"covered_lines": 17, "num_statements": 17, "percent_covered": 100.0, "percent_covered_display": "100.00", "missing_lines": 0, "excluded_lines": 0}, "missing_lines": [], "excluded_lines": []}, "retry_sync": {"executed_lines": [221, 222, 224, 226, 227, 228, 230, 231, 238, 239, 241, 242, 243, 245, 246, 247, 256, 258, 259, 262, 263, 266, 269, 270, 278, 288, 289], "summary": {"covered_lines": 27, "num_statements": 28, "percent_covered": 96.42857142857143, "percent_covered_display": "96.43", "missing_lines": 1, "excluded_lines": 0}, "missing_lines": [291], "excluded_lines": []}, "with_retry": {"executed_lines": [310, 311, 317], "summary": {"covered_lines": 3, "num_statements": 3, "percent_covered": 100.0, "percent_covered_display": "100.00", "missing_lines": 0, "excluded_lines": 0}, "missing_lines": [], "excluded_lines": []}, "with_retry.decorator": {"executed_lines": [312, 315], "summary": {"covered_lines": 2, "num_statements": 2, "percent_covered": 100.0, "percent_covered_display": "100.00", "missing_lines": 0, "excluded_lines": 0}, "missing_lines": [], "excluded_lines": []}, "with_retry.decorator.wrapper": {"executed_lines": [313], "summary": {"covered_lines": 1, "num_statements": 1, "percent_covered": 100.0, "percent_covered_display": "100.00", "missing_lines": 0, "excluded_lines": 0}, "missing_lines": [], "excluded_lines": []}, "with_retry_sync": {"executed_lines": [334, 335, 341], "summary": {"covered_lines": 3, "num_statements": 3, "percent_covered": 100.0, "percent_covered_display": "100.00", "missing_lines": 0, "excluded_lines": 0}, "missing_lines": [], "excluded_lines": []}, "with_retry_sync.decorator": {"executed_lines": [336, 339], "summary": {"covered_lines": 2, "num_statements": 2, "percent_covered": 100.0, "percent_covered_display": "100.00", "missing_lines": 0, "excluded_lines": 0}, "missing_lines": [], "excluded_lines": []}, "with_retry_sync.decorator.wrapper": {"executed_lines": [337], "summary": {"covered_lines": 1, "num_statements": 1, "percent_covered": 100.0, "percent_covered_display": "100.00", "missing_lines": 0, "excluded_lines": 0}, "missing_lines": [], "excluded_lines": []}, "": {"executed_lines": [1, 3, 4, 5, 6, 7, 9, 11, 13, 16, 17, 19, 47, 48, 50, 59, 89, 101, 116, 129, 156, 205, 294, 320, 345, 347, 349, 353], "summary": {"covered_lines": 25, "num_statements": 25, "percent_covered": 100.0, "percent_covered_display": "100.00", "missing_lines": 0, "excluded_lines": 0}, "missing_lines": [], "excluded_lines": []}}, "classes": {"RetryConfig": {"executed_lines": [39, 40, 41, 42, 43, 44], "summary": {"covered_lines": 6, "num_statements": 6, "percent_covered": 100.0, "percent_covered_display": "100.00", "missing_lines": 0, "excluded_lines": 0}, "missing_lines": [], "excluded_lines": []}, "RetryState": {"executed_lines": [52, 53, 54, 55, 56], "summary": {"covered_lines": 5, "num_statements": 5, "percent_covered": 100.0, "percent_covered_display": "100.00", "missing_lines": 0, "excluded_lines": 0}, "missing_lines": [], "excluded_lines": []}, "": {"executed_lines": [1, 3, 4, 5, 6, 7, 9, 11, 13, 16, 17, 19, 47, 48, 50, 59, 70, 71, 74, 77, 80, 81, 83, 84, 86, 89, 93, 94, 95, 101, 103, 104, 105, 112, 113, 116, 118, 119, 129, 131, 133, 134, 135, 137, 138, 146, 156, 177, 178, 180, 182, 183, 185, 187, 188, 189, 190, 192, 193, 195, 196, 199, 200, 202, 205, 221, 222, 224, 226, 227, 228, 230, 231, 238, 239, 241, 242, 243, 245, 246, 247, 256, 258, 259, 262, 263, 266, 269, 270, 278, 288, 289, 294, 310, 311, 312, 313, 315, 317, 320, 334, 335, 336, 337, 339, 341, 345, 347, 349, 353], "summary": {"covered_lines": 107, "num_statements": 110, "percent_covered": 97.27272727272727, "percent_covered_display": "97.27", "missing_lines": 3, "excluded_lines": 0}, "missing_lines": [97, 98, 291], "excluded_lines": []}}}, "app/utils/sanitization.py": {"executed_lines": [1, 3, 4, 5, 6, 8, 9, 11, 14, 33, 40, 61, 100, 113, 131, 132, 134, 135, 137, 138, 141, 142, 145, 146, 147, 148, 149, 150, 152, 154, 163, 164, 166, 167, 169, 170, 172, 175, 186, 187, 189, 190, 192, 193, 194, 197, 198, 199, 202, 206, 208, 209, 210, 213, 224, 225, 228, 231, 234, 237, 238, 239, 240, 241, 243, 246, 247, 249, 252, 262, 263, 266, 278, 279, 280, 283, 285, 288, 299, 300, 303, 304, 307, 310, 313, 314, 316, 319, 330, 331, 333, 334, 336, 339, 350, 351, 353, 354, 365, 366, 367, 369, 372, 383, 384, 387, 401, 402, 403, 406, 407, 410, 412, 415, 428, 429, 432, 433, 436, 439, 440, 443, 446, 447, 450, 452, 455, 470, 471, 473, 475, 477, 478, 479, 480, 485, 486, 487, 488, 490, 491, 493, 494, 495, 496, 497, 498, 499, 501, 502, 505, 507], "summary": {"covered_lines": 151, "num_statements": 154, "percent_covered": 98.05194805194805, "percent_covered_display": "98.05", "missing_lines": 3, "excluded_lines": 0}, "missing_lines": [203, 204, 482], "excluded_lines": [], "functions": {"sanitize_html": {"executed_lines": [131, 132, 134, 135, 137, 138, 141, 142, 145, 146, 147, 148, 149, 150, 152, 154, 163, 164, 166, 167, 169, 170, 172], "summary": {"covered_lines": 23, "num_statements": 23, "percent_covered": 100.0, "percent_covered_display": "100.00", "missing_lines": 0, "excluded_lines": 0}, "missing_lines": [], "excluded_lines": []}, "sanitize_url": {"executed_lines": [186, 187, 189, 190, 192, 193, 194, 197, 198, 199, 202, 206, 208, 209, 210], "summary": {"covered_lines": 15, "num_statements": 17, "percent_covered": 88.23529411764706, "percent_covered_display": "88.24", "missing_lines": 2, "excluded_lines": 0}, "missing_lines": [203, 204], "excluded_lines": []}, "sanitize_filename": {"executed_lines": [224, 225, 228, 231, 234, 237, 238, 239, 240, 241, 243, 246, 247, 249], "summary": {"covered_lines": 14, "num_statements": 14, "percent_covered": 100.0, "percent_covered_display": "100.00", "missing_lines": 0, "excluded_lines": 0}, "missing_lines": [], "excluded_lines": []}, "sanitize_sql_input": {"executed_lines": [262, 263, 266, 278, 279, 280, 283, 285], "summary": {"covered_lines": 8, "num_statements": 8, "percent_covered": 100.0, "percent_covered_display": "100.00", "missing_lines": 0, "excluded_lines": 0}, "missing_lines": [], "excluded_lines": []}, "sanitize_log_output": {"executed_lines": [299, 300, 303, 304, 307, 310, 313, 314, 316], "summary": {"covered_lines": 9, "num_statements": 9, "percent_covered": 100.0, "percent_covered_display": "100.00", "missing_lines": 0, "excluded_lines": 0}, "missing_lines": [], "excluded_lines": []}, "sanitize_json_keys": {"executed_lines": [330, 331, 333, 334, 336], "summary": {"covered_lines": 5, "num_statements": 5, "percent_covered": 100.0, "percent_covered_display": "100.00", "missing_lines": 0, "excluded_lines": 0}, "missing_lines": [], "excluded_lines": []}, "remove_sensitive_data": {"executed_lines": [350, 351, 353, 354, 365, 366, 367, 369], "summary": {"covered_lines": 8, "num_statements": 8, "percent_covered": 100.0, "percent_covered_display": "100.00", "missing_lines": 0, "excluded_lines": 0}, "missing_lines": [], "excluded_lines": []}, "sanitize_ai_prompt": {"executed_lines": [383, 384, 387, 401, 402, 403, 406, 407, 410, 412], "summary": {"covered_lines": 10, "num_statements": 10, "percent_covered": 100.0, "percent_covered_display": "100.00", "missing_lines": 0, "excluded_lines": 0}, "missing_lines": [], "excluded_lines": []}, "sanitize_string": {"executed_lines": [428, 429, 432, 433, 436, 439, 440, 443, 446, 447, 450, 452], "summary": {"covered_lines": 12, "num_statements": 12, "percent_covered": 100.0, "percent_covered_display": "100.00", "missing_lines": 0, "excluded_lines": 0}, "missing_lines": [], "excluded_lines": []}, "sanitize_dict": {"executed_lines": [470, 471, 473, 475, 477, 478, 479, 480, 485, 486, 487, 488, 490, 491, 493, 494, 495, 496, 497, 498, 499, 501, 502, 505, 507], "summary": {"covered_lines": 25, "num_statements": 26, "percent_covered": 96.15384615384616, "percent_covered_display": "96.15", "missing_lines": 1, "excluded_lines": 0}, "missing_lines": [482], "excluded_lines": []}, "": {"executed_lines": [1, 3, 4, 5, 6, 8, 9, 11, 14, 33, 40, 61, 100, 113, 175, 213, 252, 288, 319, 339, 372, 415, 455], "summary": {"covered_lines": 22, "num_statements": 22, "percent_covered": 100.0, "percent_covered_display": "100.00", "missing_lines": 0, "excluded_lines": 0}, "missing_lines": [], "excluded_lines": []}}, "classes": {"": {"executed_lines": [1, 3, 4, 5, 6, 8, 9, 11, 14, 33, 40, 61, 100, 113, 131, 132, 134, 135, 137, 138, 141, 142, 145, 146, 147, 148, 149, 150, 152, 154, 163, 164, 166, 167, 169, 170, 172, 175, 186, 187, 189, 190, 192, 193, 194, 197, 198, 199, 202, 206, 208, 209, 210, 213, 224, 225, 228, 231, 234, 237, 238, 239, 240, 241, 243, 246, 247, 249, 252, 262, 263, 266, 278, 279, 280, 283, 285, 288, 299, 300, 303, 304, 307, 310, 313, 314, 316, 319, 330, 331, 333, 334, 336, 339, 350, 351, 353, 354, 365, 366, 367, 369, 372, 383, 384, 387, 401, 402, 403, 406, 407, 410, 412, 415, 428, 429, 432, 433, 436, 439, 440, 443, 446, 447, 450, 452, 455, 470, 471, 473, 475, 477, 478, 479, 480, 485, 486, 487, 488, 490, 491, 493, 494, 495, 496, 497, 498, 499, 501, 502, 505, 507], "summary": {"covered_lines": 151, "num_statements": 154, "percent_covered": 98.05194805194805, "percent_covered_display": "98.05", "missing_lines": 3, "excluded_lines": 0}, "missing_lines": [203, 204, 482], "excluded_lines": []}}}, "app/utils/validation.py": {"executed_lines": [1, 3, 4, 5, 7, 8, 10, 13, 14, 15, 16, 19, 26, 36, 46, 47, 49, 50, 51, 52, 55, 65, 66, 68, 70, 71, 73, 74, 76, 79, 90, 91, 93, 94, 96, 97, 99, 100, 102, 103, 107, 108, 110, 116, 126, 127, 129, 131, 132, 135, 136, 138, 139, 142, 143, 144, 145, 149, 152, 162, 163, 165, 166, 168, 169, 170, 171, 173, 176, 186, 187, 189, 191, 192, 193, 194, 196, 199, 209, 210, 212, 213, 215, 216, 217, 218, 220, 223, 225, 228, 229, 231, 232, 233, 234, 236, 239, 241, 244, 245, 247, 248, 249, 250, 252, 255, 257, 258, 260, 261, 262, 263, 265, 268, 280, 281, 283, 284, 286, 287, 289, 290, 292, 293, 295, 301, 316, 317, 319, 320, 322, 323, 324, 326, 327, 329, 330, 333, 334, 336, 344, 366, 367, 370, 371, 372, 374, 375, 378, 379, 380, 381, 382, 384, 385, 386, 387, 388, 390, 391, 392, 393, 394, 396], "summary": {"covered_lines": 162, "num_statements": 170, "percent_covered": 95.29411764705883, "percent_covered_display": "95.29", "missing_lines": 8, "excluded_lines": 0}, "missing_lines": [112, 113, 146, 147, 226, 242, 297, 298], "excluded_lines": [], "functions": {"validate_email": {"executed_lines": [65, 66, 68, 70, 71, 73, 74, 76], "summary": {"covered_lines": 8, "num_statements": 8, "percent_covered": 100.0, "percent_covered_display": "100.00", "missing_lines": 0, "excluded_lines": 0}, "missing_lines": [], "excluded_lines": []}, "validate_url": {"executed_lines": [90, 91, 93, 94, 96, 97, 99, 100, 102, 103, 107, 108, 110], "summary": {"covered_lines": 13, "num_statements": 15, "percent_covered": 86.66666666666667, "percent_covered_display": "86.67", "missing_lines": 2, "excluded_lines": 0}, "missing_lines": [112, 113], "excluded_lines": []}, "validate_ip_address": {"executed_lines": [126, 127, 129, 131, 132, 135, 136, 138, 139, 142, 143, 144, 145, 149], "summary": {"covered_lines": 14, "num_statements": 16, "percent_covered": 87.5, "percent_covered_display": "87.50", "missing_lines": 2, "excluded_lines": 0}, "missing_lines": [146, 147], "excluded_lines": []}, "check_sql_injection": {"executed_lines": [162, 163, 165, 166, 168, 169, 170, 171, 173], "summary": {"covered_lines": 9, "num_statements": 9, "percent_covered": 100.0, "percent_covered_display": "100.00", "missing_lines": 0, "excluded_lines": 0}, "missing_lines": [], "excluded_lines": []}, "check_xss_injection": {"executed_lines": [186, 187, 189, 191, 192, 193, 194, 196], "summary": {"covered_lines": 8, "num_statements": 8, "percent_covered": 100.0, "percent_covered_display": "100.00", "missing_lines": 0, "excluded_lines": 0}, "missing_lines": [], "excluded_lines": []}, "check_prompt_injection": {"executed_lines": [209, 210, 212, 213, 215, 216, 217, 218, 220], "summary": {"covered_lines": 9, "num_statements": 9, "percent_covered": 100.0, "percent_covered_display": "100.00", "missing_lines": 0, "excluded_lines": 0}, "missing_lines": [], "excluded_lines": []}, "_count_dict_keys_and_depth": {"executed_lines": [225, 228, 229, 231, 232, 233, 234, 236], "summary": {"covered_lines": 8, "num_statements": 9, "percent_covered": 88.88888888888889, "percent_covered_display": "88.89", "missing_lines": 1, "excluded_lines": 0}, "missing_lines": [226], "excluded_lines": []}, "_count_list_keys_and_depth": {"executed_lines": [241, 244, 245, 247, 248, 249, 250, 252], "summary": {"covered_lines": 8, "num_statements": 9, "percent_covered": 88.88888888888889, "percent_covered_display": "88.89", "missing_lines": 1, "excluded_lines": 0}, "missing_lines": [242], "excluded_lines": []}, "_count_keys_and_depth": {"executed_lines": [257, 258, 260, 261, 262, 263, 265], "summary": {"covered_lines": 7, "num_statements": 7, "percent_covered": 100.0, "percent_covered_display": "100.00", "missing_lines": 0, "excluded_lines": 0}, "missing_lines": [], "excluded_lines": []}, "validate_json_payload": {"executed_lines": [280, 281, 283, 284, 286, 287, 289, 290, 292, 293, 295], "summary": {"covered_lines": 11, "num_statements": 13, "percent_covered": 84.61538461538461, "percent_covered_display": "84.62", "missing_lines": 2, "excluded_lines": 0}, "missing_lines": [297, 298], "excluded_lines": []}, "validate_input_length": {"executed_lines": [316, 317, 319, 320, 322, 323, 324, 326, 327, 329, 330, 333, 334, 336], "summary": {"covered_lines": 14, "num_statements": 14, "percent_covered": 100.0, "percent_covered_display": "100.00", "missing_lines": 0, "excluded_lines": 0}, "missing_lines": [], "excluded_lines": []}, "comprehensive_input_validation": {"executed_lines": [366, 367, 370, 371, 372, 374, 375, 378, 379, 380, 381, 382, 384, 385, 386, 387, 388, 390, 391, 392, 393, 394, 396], "summary": {"covered_lines": 23, "num_statements": 23, "percent_covered": 100.0, "percent_covered_display": "100.00", "missing_lines": 0, "excluded_lines": 0}, "missing_lines": [], "excluded_lines": []}, "": {"executed_lines": [1, 3, 4, 5, 7, 8, 10, 13, 14, 15, 16, 19, 26, 36, 46, 47, 49, 50, 51, 52, 55, 79, 116, 152, 176, 199, 223, 239, 255, 268, 301, 344], "summary": {"covered_lines": 30, "num_statements": 30, "percent_covered": 100.0, "percent_covered_display": "100.00", "missing_lines": 0, "excluded_lines": 0}, "missing_lines": [], "excluded_lines": []}}, "classes": {"ValidationResult": {"executed_lines": [], "summary": {"covered_lines": 0, "num_statements": 0, "percent_covered": 100.0, "percent_covered_display": "100.00", "missing_lines": 0, "excluded_lines": 0}, "missing_lines": [], "excluded_lines": []}, "": {"executed_lines": [1, 3, 4, 5, 7, 8, 10, 13, 14, 15, 16, 19, 26, 36, 46, 47, 49, 50, 51, 52, 55, 65, 66, 68, 70, 71, 73, 74, 76, 79, 90, 91, 93, 94, 96, 97, 99, 100, 102, 103, 107, 108, 110, 116, 126, 127, 129, 131, 132, 135, 136, 138, 139, 142, 143, 144, 145, 149, 152, 162, 163, 165, 166, 168, 169, 170, 171, 173, 176, 186, 187, 189, 191, 192, 193, 194, 196, 199, 209, 210, 212, 213, 215, 216, 217, 218, 220, 223, 225, 228, 229, 231, 232, 233, 234, 236, 239, 241, 244, 245, 247, 248, 249, 250, 252, 255, 257, 258, 260, 261, 262, 263, 265, 268, 280, 281, 283, 284, 286, 287, 289, 290, 292, 293, 295, 301, 316, 317, 319, 320, 322, 323, 324, 326, 327, 329, 330, 333, 334, 336, 344, 366, 367, 370, 371, 372, 374, 375, 378, 379, 380, 381, 382, 384, 385, 386, 387, 388, 390, 391, 392, 393, 394, 396], "summary": {"covered_lines": 162, "num_statements": 170, "percent_covered": 95.29411764705883, "percent_covered_display": "95.29", "missing_lines": 8, "excluded_lines": 0}, "missing_lines": [112, 113, 146, 147, 226, 242, 297, 298], "excluded_lines": []}}}}, "totals": {"covered_lines": 4298, "num_statements": 5915, "percent_covered": 72.66272189349112, "percent_covered_display": "72.66", "missing_lines": 1617, "excluded_lines": 0}}
