FAILED tests/unit/models/test_api_key_comprehensive.py::TestAPIKeyBusinessLogic::test_record_usage_without_ip
FAILED tests/unit/models/test_api_key_comprehensive.py::TestAPIKeyBusinessLogic::test_record_usage_with_none_ip
FAILED tests/unit/models/test_api_key_comprehensive.py::TestAPIKeyRepresentation::test_repr_active_key
FAILED tests/unit/models/test_api_key_comprehensive.py::TestAPIKeyRepresentation::test_repr_inactive_key
FAILED tests/unit/models/test_api_key_comprehensive.py::TestAPIKeyRepresentation::test_to_dict_minimal
FAILED tests/unit/models/test_api_key_comprehensive.py::TestAPIKeyRepresentation::test_to_dict_full_data
FAILED tests/unit/models/test_api_key_comprehensive.py::TestAPIKeyFieldProperties::test_permissions_field_properties
FAILED tests/unit/models/test_api_key_comprehensive.py::TestAPIKeyFieldProperties::test_user_id_field_properties
FAILED tests/unit/models/test_audit_log_comprehensive.py::TestAuditLogClassMethods::test_create_log_minimal
FAILED tests/unit/models/test_audit_log_comprehensive.py::TestAuditLogClassMethods::test_create_log_full_parameters
FAILED tests/unit/models/test_audit_log_comprehensive.py::TestAuditLogClassMethods::test_log_action_minimal
FAILED tests/unit/models/test_audit_log_comprehensive.py::TestAuditLogClassMethods::test_log_action_full_parameters
FAILED tests/unit/models/test_mixins.py::TestAuditMixin::test_id_generation
FAILED tests/unit/models/test_models_comprehensive.py::TestAPIKeyModel::test_api_key_str_representation
FAILED tests/unit/models/test_models_comprehensive.py::TestAPIKeyModel::test_api_key_repr
FAILED tests/unit/models/test_models_comprehensive.py::TestAPIKeyModel::test_api_key_mask_key_various_lengths
FAILED tests/unit/models/test_models_comprehensive.py::TestAPIKeyModel::test_api_key_mask_key_none
FAILED tests/unit/models/test_models_comprehensive.py::TestAPIKeyModel::test_api_key_mask_key_empty
FAILED tests/unit/models/test_models_comprehensive.py::TestAuditLogModel::test_audit_log_str_representation
FAILED tests/unit/models/test_models_comprehensive.py::TestAuditLogModel::test_audit_log_repr
FAILED tests/unit/models/test_models_comprehensive.py::TestAuditLogModel::test_audit_log_get_changes_dict
FAILED tests/unit/models/test_models_comprehensive.py::TestAuditLogModel::test_audit_log_get_changes_none
FAILED tests/unit/models/test_models_comprehensive.py::TestAuditLogModel::test_audit_log_get_changes_empty_string
FAILED tests/unit/models/test_models_comprehensive.py::TestAuditLogModel::test_audit_log_get_changes_invalid_json
FAILED tests/unit/models/test_models_comprehensive.py::TestAuditLogModel::test_audit_log_get_metadata_dict
FAILED tests/unit/models/test_models_comprehensive.py::TestAuditLogModel::test_audit_log_get_metadata_none
FAILED tests/unit/models/test_models_comprehensive.py::TestAuditLogModel::test_audit_log_get_metadata_empty_string
FAILED tests/unit/models/test_models_comprehensive.py::TestAuditLogModel::test_audit_log_get_metadata_invalid_json
FAILED tests/unit/models/test_models_comprehensive.py::TestUserModel::test_user_str_representation
FAILED tests/unit/models/test_models_comprehensive.py::TestUserModel::test_user_repr
FAILED tests/unit/models/test_models_comprehensive.py::TestUserModel::test_user_cascade_delete
FAILED tests/unit/models/test_models_comprehensive.py::TestMixins::test_base_model_mixin_dict_conversion
FAILED tests/unit/models/test_models_comprehensive.py::TestMixins::test_soft_delete_mixin_properties
FAILED tests/unit/models/test_models_comprehensive.py::TestMixins::test_audit_mixin_update_tracking
FAILED tests/unit/models/test_models_comprehensive.py::TestMixins::test_security_validation_mixin
FAILED tests/unit/models/test_models_comprehensive.py::TestMixins::test_optimistic_lock_mixin
FAILED tests/unit/models/test_models_comprehensive.py::TestMixins::test_row_level_security_mixin
FAILED tests/unit/models/test_user_comprehensive.py::TestUserValidations::test_validate_username_success
FAILED tests/unit/models/test_user_comprehensive.py::TestUserRepresentation::test_repr
FAILED tests/unit/models/test_user_comprehensive.py::TestUserRepresentation::test_repr_inactive_user
FAILED tests/unit/models/test_user_comprehensive.py::TestUserRepresentation::test_to_dict_minimal
FAILED tests/unit/models/test_user_comprehensive.py::TestUserRepresentation::test_to_dict_full_data
FAILED tests/unit/repositories/test_base_repository.py::TestBaseRepository::test_create_generates_uuid
FAILED tests/unit/repositories/test_base_repository.py::TestBaseRepository::test_create_with_provided_id
FAILED tests/unit/schemas/test_user_schema_comprehensive.py::TestUserCreate::test_password_validation_strength
FAILED tests/unit/schemas/test_user_schema_comprehensive.py::TestUserUpdatePassword::test_new_password_validation
FAILED tests/unit/schemas/test_user_schema_comprehensive.py::TestUserSchemaEdgeCases::test_email_normalization
FAILED tests/unit/test_response_cache_middleware.py::TestResponseCacheMiddleware::test_get_cache_ttl
FAILED tests/unit/test_response_cache_middleware.py::TestResponseCacheMiddleware::test_get_cache_stats
FAILED tests/unit/test_response_cache_middleware.py::TestResponseCacheIntegration::test_full_middleware_flow_cache_miss
FAILED tests/unit/utils/test_cache.py::TestCacheShutdown::test_close_cache_connections_success
FAILED tests/unit/utils/test_sanitization_comprehensive.py::TestUrlSanitizationComprehensive::test_url_parsing_edge_cases
FAILED tests/unit/utils/test_sanitization_comprehensive.py::TestUrlSanitizationComprehensive::test_url_encoding_attacks
FAILED tests/unit/utils/test_sanitization_comprehensive.py::TestUrlSanitizationComprehensive::test_url_exception_handling
FAILED tests/unit/utils/test_sanitization_comprehensive.py::TestFilenameSanitizationComprehensive::test_directory_traversal_prevention
FAILED tests/unit/utils/test_sanitization_comprehensive.py::TestFilenameSanitizationComprehensive::test_special_filenames
FAILED tests/unit/utils/test_sanitization_comprehensive.py::TestSensitiveDataRemovalComprehensive::test_credit_card_patterns
FAILED tests/unit/utils/test_sanitization_comprehensive.py::TestSensitiveDataRemovalComprehensive::test_ssn_patterns
